2025-08-13 16:58:14 [main] DEBUG org.apache.poi.openxml4j.opc.PackageRelationshipCollection - Parsing relationship: /xl/_rels/workbook.xml.rels
2025-08-13 16:58:14 [main] DEBUG org.apache.poi.openxml4j.opc.PackageRelationshipCollection - Parsing relationship: /_rels/.rels
2025-08-13 16:58:14 [main] INFO  com.iween.testcase.TCCP_1 - Operating System: Windows
2025-08-13 16:58:14 [main] INFO  com.iween.testcase.TCCP_1 - Browser: chrome
2025-08-13 16:58:17 [main] INFO  com.iween.testcase.TCCP_1 - Browser launched and navigated to URL: https://uaev2.skytravellers.com/login
2025-08-13 16:58:17 [main] INFO  com.iween.testcase.TCCP_1 - ******** Starting TestCase1: testLogin ********
2025-08-13 16:58:19 [main] INFO  com.iween.testcase.TCCP_1 - ******** TestCase1: testLogin completed successfully ********
2025-08-13 16:58:19 [main] INFO  com.iween.testcase.TCCP_1 - Closing browser.
2025-08-13 16:58:54 [main] DEBUG org.apache.poi.openxml4j.opc.PackageRelationshipCollection - Parsing relationship: /xl/_rels/workbook.xml.rels
2025-08-13 16:58:54 [main] DEBUG org.apache.poi.openxml4j.opc.PackageRelationshipCollection - Parsing relationship: /_rels/.rels
2025-08-13 16:58:54 [main] INFO  com.iween.testcase.TCCP_1 - Operating System: Windows
2025-08-13 16:58:54 [main] INFO  com.iween.testcase.TCCP_1 - Browser: chrome
2025-08-13 16:58:57 [main] INFO  com.iween.testcase.TCCP_1 - Browser launched and navigated to URL: https://uaev2.skytravellers.com/login
2025-08-13 16:58:57 [main] INFO  com.iween.testcase.TCCP_1 - ******** Starting TestCase1: testLogin ********
2025-08-13 16:58:59 [main] INFO  com.iween.testcase.TCCP_1 - ******** TestCase1: testLogin completed successfully ********
2025-08-13 16:58:59 [main] INFO  com.iween.testcase.TCCP_1 - Closing browser.
2025-08-13 17:01:35 [main] DEBUG org.apache.poi.openxml4j.opc.PackageRelationshipCollection - Parsing relationship: /xl/_rels/workbook.xml.rels
2025-08-13 17:01:35 [main] DEBUG org.apache.poi.openxml4j.opc.PackageRelationshipCollection - Parsing relationship: /_rels/.rels
2025-08-13 17:01:36 [main] INFO  com.iween.testcase.TCCP_1 - Operating System: Windows
2025-08-13 17:01:36 [main] INFO  com.iween.testcase.TCCP_1 - Browser: chrome
2025-08-13 17:01:38 [main] INFO  com.iween.testcase.TCCP_1 - Browser launched and navigated to URL: https://uaev2.skytravellers.com/login
2025-08-13 17:01:38 [main] INFO  com.iween.testcase.TCCP_1 - ******** Starting TestCase1: testLogin ********
2025-08-13 17:01:46 [main] INFO  com.iween.testcase.TCCP_1 - ******** TestCase1: testLogin completed successfully ********
2025-08-13 17:01:46 [main] INFO  com.iween.testcase.TCCP_1 - Closing browser.
2025-08-13 18:06:43 [main] DEBUG org.apache.poi.openxml4j.opc.PackageRelationshipCollection - Parsing relationship: /xl/_rels/workbook.xml.rels
2025-08-13 18:06:43 [main] DEBUG org.apache.poi.openxml4j.opc.PackageRelationshipCollection - Parsing relationship: /_rels/.rels
2025-08-13 18:06:44 [main] INFO  com.iween.testcase.TCCP_1 - Operating System: Windows
2025-08-13 18:06:44 [main] INFO  com.iween.testcase.TCCP_1 - Browser: chrome
2025-08-13 18:07:41 [main] DEBUG org.apache.poi.openxml4j.opc.PackageRelationshipCollection - Parsing relationship: /xl/_rels/workbook.xml.rels
2025-08-13 18:07:41 [main] DEBUG org.apache.poi.openxml4j.opc.PackageRelationshipCollection - Parsing relationship: /_rels/.rels
2025-08-13 18:07:42 [main] INFO  com.iween.testcase.TCCP_1 - Operating System: Windows
2025-08-13 18:07:42 [main] INFO  com.iween.testcase.TCCP_1 - Browser: chrome
2025-08-13 18:09:14 [main] DEBUG org.apache.poi.openxml4j.opc.PackageRelationshipCollection - Parsing relationship: /xl/_rels/workbook.xml.rels
2025-08-13 18:09:14 [main] DEBUG org.apache.poi.openxml4j.opc.PackageRelationshipCollection - Parsing relationship: /_rels/.rels
2025-08-13 18:09:14 [main] INFO  com.iween.testcase.TCCP_1 - Operating System: Windows
2025-08-13 18:09:14 [main] INFO  com.iween.testcase.TCCP_1 - Browser: chrome
2025-08-13 18:09:21 [main] INFO  com.iween.testcase.TCCP_1 - Browser launched and navigated to URL: https://uaev2.skytravellers.com/login
2025-08-13 18:09:21 [main] INFO  com.iween.testcase.TCCP_1 - ******** Starting TestCase1: testLogin ********
2025-08-13 18:09:29 [main] INFO  com.iween.testcase.TCCP_1 - ******** TestCase1: testLogin completed successfully ********
2025-08-13 18:09:29 [main] INFO  com.iween.testcase.TCCP_1 - Closing browser.
2025-08-13 18:09:53 [main] DEBUG org.apache.poi.openxml4j.opc.PackageRelationshipCollection - Parsing relationship: /xl/_rels/workbook.xml.rels
2025-08-13 18:09:53 [main] DEBUG org.apache.poi.openxml4j.opc.PackageRelationshipCollection - Parsing relationship: /_rels/.rels
2025-08-13 18:09:53 [main] INFO  com.iween.testcase.TCCP_1 - Operating System: Windows
2025-08-13 18:09:53 [main] INFO  com.iween.testcase.TCCP_1 - Browser: chrome
2025-08-13 18:09:55 [main] INFO  com.iween.testcase.TCCP_1 - Browser launched and navigated to URL: https://uaev2.skytravellers.com/login
2025-08-13 18:09:55 [main] INFO  com.iween.testcase.TCCP_1 - ******** Starting TestCase1: testLogin ********
2025-08-13 18:10:09 [main] INFO  com.iween.testcase.TCCP_1 - ******** TestCase1: testLogin completed successfully ********
2025-08-13 18:10:09 [main] INFO  com.iween.testcase.TCCP_1 - Closing browser.
2025-08-13 18:16:36 [main] DEBUG org.apache.poi.openxml4j.opc.PackageRelationshipCollection - Parsing relationship: /xl/_rels/workbook.xml.rels
2025-08-13 18:16:36 [main] DEBUG org.apache.poi.openxml4j.opc.PackageRelationshipCollection - Parsing relationship: /_rels/.rels
2025-08-13 18:16:37 [main] INFO  com.iween.testcase.TCCP_1 - Operating System: Windows
2025-08-13 18:16:37 [main] INFO  com.iween.testcase.TCCP_1 - Browser: chrome
2025-08-13 18:16:39 [main] INFO  com.iween.testcase.TCCP_1 - Browser launched and navigated to URL: https://uaev2.skytravellers.com/login
2025-08-13 18:16:39 [main] INFO  com.iween.testcase.TCCP_1 - ******** Starting TestCase1: testLogin ********
2025-08-13 18:16:55 [main] INFO  com.iween.testcase.TCCP_1 - ******** TestCase1: testLogin completed successfully ********
2025-08-13 18:16:55 [main] INFO  com.iween.testcase.TCCP_1 - Closing browser.
2025-08-13 18:22:55 [main] DEBUG org.apache.poi.openxml4j.opc.PackageRelationshipCollection - Parsing relationship: /xl/_rels/workbook.xml.rels
2025-08-13 18:22:55 [main] DEBUG org.apache.poi.openxml4j.opc.PackageRelationshipCollection - Parsing relationship: /_rels/.rels
2025-08-13 18:22:55 [main] INFO  com.iween.testcase.TCCP_1 - Operating System: Windows
2025-08-13 18:22:55 [main] INFO  com.iween.testcase.TCCP_1 - Browser: chrome
2025-08-13 18:22:57 [main] INFO  com.iween.testcase.TCCP_1 - Browser launched and navigated to URL: https://uaev2.skytravellers.com/login
2025-08-13 18:22:57 [main] INFO  com.iween.testcase.TCCP_1 - ******** Starting TestCase1: testLogin ********
2025-08-13 18:23:13 [main] INFO  com.iween.testcase.TCCP_1 - ******** TestCase1: testLogin completed successfully ********
2025-08-13 18:23:13 [main] INFO  com.iween.testcase.TCCP_1 - Closing browser.
2025-08-13 18:26:33 [main] DEBUG org.apache.poi.openxml4j.opc.PackageRelationshipCollection - Parsing relationship: /xl/_rels/workbook.xml.rels
2025-08-13 18:26:33 [main] DEBUG org.apache.poi.openxml4j.opc.PackageRelationshipCollection - Parsing relationship: /_rels/.rels
2025-08-13 18:26:33 [main] INFO  com.iween.testcase.TCCP_1 - Operating System: Windows
2025-08-13 18:26:33 [main] INFO  com.iween.testcase.TCCP_1 - Browser: chrome
2025-08-13 18:26:35 [main] INFO  com.iween.testcase.TCCP_1 - Browser launched and navigated to URL: https://uaev2.skytravellers.com/login
2025-08-13 18:26:35 [main] INFO  com.iween.testcase.TCCP_1 - ******** Starting TestCase1: testLogin ********
2025-08-13 18:26:59 [main] INFO  com.iween.testcase.TCCP_1 - ******** TestCase1: testLogin completed successfully ********
2025-08-13 18:26:59 [main] INFO  com.iween.testcase.TCCP_1 - Closing browser.
2025-08-13 18:36:30 [main] DEBUG org.apache.poi.openxml4j.opc.PackageRelationshipCollection - Parsing relationship: /xl/_rels/workbook.xml.rels
2025-08-13 18:36:30 [main] DEBUG org.apache.poi.openxml4j.opc.PackageRelationshipCollection - Parsing relationship: /_rels/.rels
2025-08-13 18:36:31 [main] INFO  com.iween.testcase.TCCP_1 - Operating System: Windows
2025-08-13 18:36:31 [main] INFO  com.iween.testcase.TCCP_1 - Browser: chrome
2025-08-13 18:36:33 [main] INFO  com.iween.testcase.TCCP_1 - Browser launched and navigated to URL: https://uaev2.skytravellers.com/login
2025-08-13 18:36:33 [main] INFO  com.iween.testcase.TCCP_1 - ******** Starting TestCase1: testLogin ********
2025-08-13 18:38:18 [main] INFO  com.iween.testcase.TCCP_1 - ******** TestCase1: testLogin completed successfully ********
2025-08-13 18:38:18 [main] INFO  com.iween.testcase.TCCP_1 - Closing browser.
2025-08-14 11:30:01 [main] DEBUG org.apache.poi.openxml4j.opc.PackageRelationshipCollection - Parsing relationship: /xl/_rels/workbook.xml.rels
2025-08-14 11:30:01 [main] DEBUG org.apache.poi.openxml4j.opc.PackageRelationshipCollection - Parsing relationship: /_rels/.rels
2025-08-14 11:30:01 [main] INFO  com.iween.testcase.TCCP_1 - Operating System: Windows
2025-08-14 11:30:01 [main] INFO  com.iween.testcase.TCCP_1 - Browser: chrome
2025-08-14 11:30:04 [main] INFO  com.iween.testcase.TCCP_1 - Browser launched and navigated to URL: https://uaev2.skytravellers.com/login
2025-08-14 11:30:04 [main] INFO  com.iween.testcase.TCCP_1 - ******** Starting TestCase1: testLogin ********
2025-08-14 11:31:51 [main] INFO  com.iween.testcase.TCCP_1 - ******** TestCase1: testLogin completed successfully ********
2025-08-14 11:31:51 [main] INFO  com.iween.testcase.TCCP_1 - Closing browser.
2025-08-14 11:50:32 [main] DEBUG org.apache.poi.openxml4j.opc.PackageRelationshipCollection - Parsing relationship: /xl/_rels/workbook.xml.rels
2025-08-14 11:50:32 [main] DEBUG org.apache.poi.openxml4j.opc.PackageRelationshipCollection - Parsing relationship: /_rels/.rels
2025-08-14 11:50:33 [main] INFO  com.iween.testcase.TCCP_1 - Operating System: Windows
2025-08-14 11:50:33 [main] INFO  com.iween.testcase.TCCP_1 - Browser: chrome
2025-08-14 11:50:35 [main] INFO  com.iween.testcase.TCCP_1 - Browser launched and navigated to URL: https://uaev2.skytravellers.com/login
2025-08-14 11:50:35 [main] INFO  com.iween.testcase.TCCP_1 - ******** Starting TestCase1: testLogin ********
2025-08-14 11:52:29 [main] INFO  com.iween.testcase.TCCP_1 - ******** TestCase1: testLogin completed successfully ********
2025-08-14 11:52:29 [main] INFO  com.iween.testcase.TCCP_1 - Closing browser.
2025-08-14 12:09:53 [main] DEBUG org.apache.poi.openxml4j.opc.PackageRelationshipCollection - Parsing relationship: /xl/_rels/workbook.xml.rels
2025-08-14 12:09:53 [main] DEBUG org.apache.poi.openxml4j.opc.PackageRelationshipCollection - Parsing relationship: /_rels/.rels
2025-08-14 12:09:53 [main] INFO  com.iween.testcase.TCCP_1 - Operating System: Windows
2025-08-14 12:09:53 [main] INFO  com.iween.testcase.TCCP_1 - Browser: chrome
2025-08-14 12:09:56 [main] INFO  com.iween.testcase.TCCP_1 - Browser launched and navigated to URL: https://uaev2.skytravellers.com/login
2025-08-14 12:09:56 [main] INFO  com.iween.testcase.TCCP_1 - ******** Starting TestCase1: testLogin ********
2025-08-14 12:11:08 [main] INFO  com.iween.testcase.TCCP_1 - ******** TestCase1: testLogin completed successfully ********
2025-08-14 12:11:08 [main] INFO  com.iween.testcase.TCCP_1 - Closing browser.
2025-08-14 12:11:33 [main] DEBUG org.apache.poi.openxml4j.opc.PackageRelationshipCollection - Parsing relationship: /xl/_rels/workbook.xml.rels
2025-08-14 12:11:33 [main] DEBUG org.apache.poi.openxml4j.opc.PackageRelationshipCollection - Parsing relationship: /_rels/.rels
2025-08-14 12:11:33 [main] INFO  com.iween.testcase.TCCP_1 - Operating System: Windows
2025-08-14 12:11:33 [main] INFO  com.iween.testcase.TCCP_1 - Browser: chrome
2025-08-14 12:11:36 [main] INFO  com.iween.testcase.TCCP_1 - Browser launched and navigated to URL: https://uaev2.skytravellers.com/login
2025-08-14 12:11:36 [main] INFO  com.iween.testcase.TCCP_1 - ******** Starting TestCase1: testLogin ********
2025-08-14 12:12:31 [main] INFO  com.iween.testcase.TCCP_1 - ******** TestCase1: testLogin completed successfully ********
2025-08-14 12:12:31 [main] INFO  com.iween.testcase.TCCP_1 - Closing browser.
2025-08-14 12:16:33 [main] DEBUG org.apache.poi.openxml4j.opc.PackageRelationshipCollection - Parsing relationship: /xl/_rels/workbook.xml.rels
2025-08-14 12:16:33 [main] DEBUG org.apache.poi.openxml4j.opc.PackageRelationshipCollection - Parsing relationship: /_rels/.rels
2025-08-14 12:16:33 [main] INFO  com.iween.testcase.TCCP_1 - Operating System: Windows
2025-08-14 12:16:33 [main] INFO  com.iween.testcase.TCCP_1 - Browser: chrome
2025-08-14 12:16:36 [main] INFO  com.iween.testcase.TCCP_1 - Browser launched and navigated to URL: https://uaev2.skytravellers.com/login
2025-08-14 12:16:36 [main] INFO  com.iween.testcase.TCCP_1 - ******** Starting TestCase1: testLogin ********
2025-08-14 12:17:31 [main] INFO  com.iween.testcase.TCCP_1 - ******** TestCase1: testLogin completed successfully ********
2025-08-14 12:17:31 [main] INFO  com.iween.testcase.TCCP_1 - Closing browser.
2025-08-14 12:19:27 [main] DEBUG org.apache.poi.openxml4j.opc.PackageRelationshipCollection - Parsing relationship: /xl/_rels/workbook.xml.rels
2025-08-14 12:19:27 [main] DEBUG org.apache.poi.openxml4j.opc.PackageRelationshipCollection - Parsing relationship: /_rels/.rels
2025-08-14 12:19:27 [main] INFO  com.iween.testcase.TCCP_1 - Operating System: Windows
2025-08-14 12:19:27 [main] INFO  com.iween.testcase.TCCP_1 - Browser: chrome
2025-08-14 12:19:30 [main] INFO  com.iween.testcase.TCCP_1 - Browser launched and navigated to URL: https://uaev2.skytravellers.com/login
2025-08-14 12:19:30 [main] INFO  com.iween.testcase.TCCP_1 - ******** Starting TestCase1: testLogin ********
2025-08-14 12:22:05 [main] DEBUG org.apache.poi.openxml4j.opc.PackageRelationshipCollection - Parsing relationship: /xl/_rels/workbook.xml.rels
2025-08-14 12:22:05 [main] DEBUG org.apache.poi.openxml4j.opc.PackageRelationshipCollection - Parsing relationship: /_rels/.rels
2025-08-14 12:22:05 [main] INFO  com.iween.testcase.TCCP_1 - Operating System: Windows
2025-08-14 12:22:05 [main] INFO  com.iween.testcase.TCCP_1 - Browser: chrome
2025-08-14 12:22:08 [main] INFO  com.iween.testcase.TCCP_1 - Browser launched and navigated to URL: https://uaev2.skytravellers.com/login
2025-08-14 12:22:08 [main] INFO  com.iween.testcase.TCCP_1 - ******** Starting TestCase1: testLogin ********
2025-08-14 12:23:00 [main] INFO  com.iween.testcase.TCCP_1 - ******** TestCase1: testLogin completed successfully ********
2025-08-14 12:23:00 [main] INFO  com.iween.testcase.TCCP_1 - Closing browser.
2025-08-14 12:25:25 [main] DEBUG org.apache.poi.openxml4j.opc.PackageRelationshipCollection - Parsing relationship: /xl/_rels/workbook.xml.rels
2025-08-14 12:25:25 [main] DEBUG org.apache.poi.openxml4j.opc.PackageRelationshipCollection - Parsing relationship: /_rels/.rels
2025-08-14 12:25:25 [main] INFO  com.iween.testcase.TCCP_1 - Operating System: Windows
2025-08-14 12:25:25 [main] INFO  com.iween.testcase.TCCP_1 - Browser: chrome
2025-08-14 12:25:28 [main] INFO  com.iween.testcase.TCCP_1 - Browser launched and navigated to URL: https://uaev2.skytravellers.com/login
2025-08-14 12:25:28 [main] INFO  com.iween.testcase.TCCP_1 - ******** Starting TestCase1: testLogin ********
2025-08-14 12:26:20 [main] INFO  com.iween.testcase.TCCP_1 - ******** TestCase1: testLogin completed successfully ********
2025-08-14 12:26:20 [main] INFO  com.iween.testcase.TCCP_1 - Closing browser.
2025-08-14 12:29:11 [main] DEBUG org.apache.poi.openxml4j.opc.PackageRelationshipCollection - Parsing relationship: /xl/_rels/workbook.xml.rels
2025-08-14 12:29:11 [main] DEBUG org.apache.poi.openxml4j.opc.PackageRelationshipCollection - Parsing relationship: /_rels/.rels
2025-08-14 12:29:11 [main] INFO  com.iween.testcase.TCCP_1 - Operating System: Windows
2025-08-14 12:29:11 [main] INFO  com.iween.testcase.TCCP_1 - Browser: chrome
2025-08-14 12:29:14 [main] INFO  com.iween.testcase.TCCP_1 - Browser launched and navigated to URL: https://uaev2.skytravellers.com/login
2025-08-14 12:29:14 [main] INFO  com.iween.testcase.TCCP_1 - ******** Starting TestCase1: testLogin ********
2025-08-14 12:30:08 [main] INFO  com.iween.testcase.TCCP_1 - ******** TestCase1: testLogin completed successfully ********
2025-08-14 12:30:08 [main] INFO  com.iween.testcase.TCCP_1 - Closing browser.
2025-08-14 12:34:27 [main] DEBUG org.apache.poi.openxml4j.opc.PackageRelationshipCollection - Parsing relationship: /xl/_rels/workbook.xml.rels
2025-08-14 12:34:27 [main] DEBUG org.apache.poi.openxml4j.opc.PackageRelationshipCollection - Parsing relationship: /_rels/.rels
2025-08-14 12:34:27 [main] INFO  com.iween.testcase.TCCP_1 - Operating System: Windows
2025-08-14 12:34:27 [main] INFO  com.iween.testcase.TCCP_1 - Browser: chrome
2025-08-14 12:34:30 [main] INFO  com.iween.testcase.TCCP_1 - Browser launched and navigated to URL: https://uaev2.skytravellers.com/login
2025-08-14 12:34:30 [main] INFO  com.iween.testcase.TCCP_1 - ******** Starting TestCase1: testLogin ********
2025-08-14 12:35:04 [main] INFO  com.iween.testcase.TCCP_1 - ******** TestCase1: testLogin completed successfully ********
2025-08-14 12:35:04 [main] INFO  com.iween.testcase.TCCP_1 - Closing browser.
2025-08-14 12:49:04 [main] DEBUG org.apache.poi.openxml4j.opc.PackageRelationshipCollection - Parsing relationship: /xl/_rels/workbook.xml.rels
2025-08-14 12:49:04 [main] DEBUG org.apache.poi.openxml4j.opc.PackageRelationshipCollection - Parsing relationship: /_rels/.rels
2025-08-14 12:49:05 [main] INFO  com.iween.testcase.TCCP_1 - Operating System: Windows
2025-08-14 12:49:05 [main] INFO  com.iween.testcase.TCCP_1 - Browser: chrome
2025-08-14 12:49:07 [main] INFO  com.iween.testcase.TCCP_1 - Browser launched and navigated to URL: https://uaev2.skytravellers.com/login
2025-08-14 12:49:07 [main] INFO  com.iween.testcase.TCCP_1 - ******** Starting TestCase1: testLogin ********
2025-08-14 12:49:37 [main] INFO  com.iween.testcase.TCCP_1 - ******** TestCase1: testLogin completed successfully ********
2025-08-14 12:49:37 [main] INFO  com.iween.testcase.TCCP_1 - Closing browser.
2025-08-14 13:25:15 [main] DEBUG org.apache.poi.openxml4j.opc.PackageRelationshipCollection - Parsing relationship: /xl/_rels/workbook.xml.rels
2025-08-14 13:25:15 [main] DEBUG org.apache.poi.openxml4j.opc.PackageRelationshipCollection - Parsing relationship: /_rels/.rels
2025-08-14 13:25:16 [main] INFO  com.iween.testcase.TCCP_1 - Operating System: Windows
2025-08-14 13:25:16 [main] INFO  com.iween.testcase.TCCP_1 - Browser: chrome
2025-08-14 13:25:18 [main] INFO  com.iween.testcase.TCCP_1 - Browser launched and navigated to URL: https://uaev2.skytravellers.com/login
2025-08-14 13:25:18 [main] INFO  com.iween.testcase.TCCP_1 - ******** Starting TestCase1: testLogin ********
2025-08-14 13:25:25 [main] INFO  com.iween.testcase.TCCP_1 - ******** TestCase1: testLogin completed successfully ********
2025-08-14 13:25:25 [main] INFO  com.iween.testcase.TCCP_1 - Closing browser.
2025-08-14 13:28:43 [main] DEBUG org.apache.poi.openxml4j.opc.PackageRelationshipCollection - Parsing relationship: /xl/_rels/workbook.xml.rels
2025-08-14 13:28:43 [main] DEBUG org.apache.poi.openxml4j.opc.PackageRelationshipCollection - Parsing relationship: /_rels/.rels
2025-08-14 13:28:44 [main] INFO  com.iween.testcase.TCCP_1 - Operating System: Windows
2025-08-14 13:28:44 [main] INFO  com.iween.testcase.TCCP_1 - Browser: chrome
2025-08-14 13:28:46 [main] INFO  com.iween.testcase.TCCP_1 - Browser launched and navigated to URL: https://uaev2.skytravellers.com/login
2025-08-14 13:28:46 [main] INFO  com.iween.testcase.TCCP_1 - ******** Starting TestCase1: testLogin ********
2025-08-14 13:28:54 [main] INFO  com.iween.testcase.TCCP_1 - ******** TestCase1: testLogin completed successfully ********
2025-08-14 13:28:54 [main] INFO  com.iween.testcase.TCCP_1 - Closing browser.
2025-08-14 15:41:42 [main] DEBUG org.apache.poi.openxml4j.opc.PackageRelationshipCollection - Parsing relationship: /xl/_rels/workbook.xml.rels
2025-08-14 15:41:42 [main] DEBUG org.apache.poi.openxml4j.opc.PackageRelationshipCollection - Parsing relationship: /_rels/.rels
2025-08-14 15:41:42 [main] INFO  com.iween.testcase.TCCP_1 - Operating System: Windows
2025-08-14 15:41:42 [main] INFO  com.iween.testcase.TCCP_1 - Browser: chrome
2025-08-14 15:41:46 [main] INFO  com.iween.testcase.TCCP_1 - Browser launched and navigated to URL: https://uaev2.skytravellers.com/login
2025-08-14 15:41:46 [main] INFO  com.iween.testcase.TCCP_1 - ******** Starting TestCase1: testLogin ********
2025-08-14 15:41:56 [main] INFO  com.iween.testcase.TCCP_1 - ******** TestCase1: testLogin completed successfully ********
2025-08-14 15:41:56 [main] INFO  com.iween.testcase.TCCP_1 - Closing browser.
2025-08-14 15:43:53 [main] DEBUG org.apache.poi.openxml4j.opc.PackageRelationshipCollection - Parsing relationship: /xl/_rels/workbook.xml.rels
2025-08-14 15:43:53 [main] DEBUG org.apache.poi.openxml4j.opc.PackageRelationshipCollection - Parsing relationship: /_rels/.rels
2025-08-14 15:43:53 [main] INFO  com.iween.testcase.TCCP_1 - Operating System: Windows
2025-08-14 15:43:53 [main] INFO  com.iween.testcase.TCCP_1 - Browser: chrome
2025-08-14 15:43:57 [main] INFO  com.iween.testcase.TCCP_1 - Browser launched and navigated to URL: https://uaev2.skytravellers.com/login
2025-08-14 15:43:57 [main] INFO  com.iween.testcase.TCCP_1 - ******** Starting TestCase1: testLogin ********
2025-08-14 15:46:49 [main] DEBUG org.apache.poi.openxml4j.opc.PackageRelationshipCollection - Parsing relationship: /xl/_rels/workbook.xml.rels
2025-08-14 15:46:49 [main] DEBUG org.apache.poi.openxml4j.opc.PackageRelationshipCollection - Parsing relationship: /_rels/.rels
2025-08-14 15:46:50 [main] INFO  com.iween.testcase.TCCP_1 - Operating System: Windows
2025-08-14 15:46:50 [main] INFO  com.iween.testcase.TCCP_1 - Browser: chrome
2025-08-14 15:46:52 [main] INFO  com.iween.testcase.TCCP_1 - Browser launched and navigated to URL: https://uaev2.skytravellers.com/login
2025-08-14 15:46:52 [main] INFO  com.iween.testcase.TCCP_1 - ******** Starting TestCase1: testLogin ********
2025-08-14 15:49:28 [main] DEBUG org.apache.poi.openxml4j.opc.PackageRelationshipCollection - Parsing relationship: /xl/_rels/workbook.xml.rels
2025-08-14 15:49:28 [main] DEBUG org.apache.poi.openxml4j.opc.PackageRelationshipCollection - Parsing relationship: /_rels/.rels
2025-08-14 15:49:28 [main] INFO  com.iween.testcase.TCCP_1 - Operating System: Windows
2025-08-14 15:49:28 [main] INFO  com.iween.testcase.TCCP_1 - Browser: chrome
2025-08-14 15:49:31 [main] INFO  com.iween.testcase.TCCP_1 - Browser launched and navigated to URL: https://uaev2.skytravellers.com/login
2025-08-14 15:49:31 [main] INFO  com.iween.testcase.TCCP_1 - ******** Starting TestCase1: testLogin ********
2025-08-14 16:05:49 [main] DEBUG org.apache.poi.openxml4j.opc.PackageRelationshipCollection - Parsing relationship: /xl/_rels/workbook.xml.rels
2025-08-14 16:05:49 [main] DEBUG org.apache.poi.openxml4j.opc.PackageRelationshipCollection - Parsing relationship: /_rels/.rels
2025-08-14 16:05:49 [main] INFO  com.iween.testcase.TCCP_1 - Operating System: Windows
2025-08-14 16:05:49 [main] INFO  com.iween.testcase.TCCP_1 - Browser: chrome
2025-08-14 16:05:51 [main] INFO  com.iween.testcase.TCCP_1 - Browser launched and navigated to URL: https://uaev2.skytravellers.com/login
2025-08-14 16:05:51 [main] INFO  com.iween.testcase.TCCP_1 - ******** Starting TestCase1: testLogin ********
2025-08-14 16:06:24 [main] INFO  com.iween.testcase.TCCP_1 - ******** TestCase1: testLogin completed successfully ********
2025-08-14 16:06:24 [main] INFO  com.iween.testcase.TCCP_1 - Closing browser.
2025-08-14 16:15:06 [main] DEBUG org.apache.poi.openxml4j.opc.PackageRelationshipCollection - Parsing relationship: /xl/_rels/workbook.xml.rels
2025-08-14 16:15:06 [main] DEBUG org.apache.poi.openxml4j.opc.PackageRelationshipCollection - Parsing relationship: /_rels/.rels
2025-08-14 16:15:06 [main] INFO  com.iween.testcase.TCCP_1 - Operating System: Windows
2025-08-14 16:15:06 [main] INFO  com.iween.testcase.TCCP_1 - Browser: chrome
2025-08-14 16:15:09 [main] INFO  com.iween.testcase.TCCP_1 - Browser launched and navigated to URL: https://uaev2.skytravellers.com/login
2025-08-14 16:15:09 [main] INFO  com.iween.testcase.TCCP_1 - ******** Starting TestCase1: testLogin ********
2025-08-14 16:15:41 [main] INFO  com.iween.testcase.TCCP_1 - ******** TestCase1: testLogin completed successfully ********
2025-08-14 16:15:41 [main] INFO  com.iween.testcase.TCCP_1 - Closing browser.
2025-08-14 16:55:29 [main] DEBUG org.apache.poi.openxml4j.opc.PackageRelationshipCollection - Parsing relationship: /xl/_rels/workbook.xml.rels
2025-08-14 16:55:29 [main] DEBUG org.apache.poi.openxml4j.opc.PackageRelationshipCollection - Parsing relationship: /_rels/.rels
2025-08-14 16:55:30 [main] INFO  com.iween.testcase.TCCP_1 - Operating System: Windows
2025-08-14 16:55:30 [main] INFO  com.iween.testcase.TCCP_1 - Browser: chrome
2025-08-14 16:55:32 [main] INFO  com.iween.testcase.TCCP_1 - Browser launched and navigated to URL: https://uaev2.skytravellers.com/login
2025-08-14 16:55:32 [main] INFO  com.iween.testcase.TCCP_1 - ******** Starting TestCase1: testLogin ********
2025-08-14 16:56:06 [main] INFO  com.iween.testcase.TCCP_1 - ******** TestCase1: testLogin completed successfully ********
2025-08-14 16:56:06 [main] INFO  com.iween.testcase.TCCP_1 - Closing browser.
2025-08-14 17:14:58 [main] DEBUG org.apache.poi.openxml4j.opc.PackageRelationshipCollection - Parsing relationship: /xl/_rels/workbook.xml.rels
2025-08-14 17:14:58 [main] DEBUG org.apache.poi.openxml4j.opc.PackageRelationshipCollection - Parsing relationship: /_rels/.rels
2025-08-14 17:14:58 [main] INFO  com.iween.testcase.TCCP_1 - Operating System: Windows
2025-08-14 17:14:58 [main] INFO  com.iween.testcase.TCCP_1 - Browser: chrome
2025-08-14 17:15:00 [main] INFO  com.iween.testcase.TCCP_1 - Browser launched and navigated to URL: https://uaev2.skytravellers.com/login
2025-08-14 17:15:00 [main] INFO  com.iween.testcase.TCCP_1 - ******** Starting TestCase1: testLogin ********
2025-08-14 17:15:33 [main] INFO  com.iween.testcase.TCCP_1 - ******** TestCase1: testLogin completed successfully ********
2025-08-14 17:15:33 [main] INFO  com.iween.testcase.TCCP_1 - Closing browser.
2025-08-14 17:17:29 [main] DEBUG org.apache.poi.openxml4j.opc.PackageRelationshipCollection - Parsing relationship: /xl/_rels/workbook.xml.rels
2025-08-14 17:17:29 [main] DEBUG org.apache.poi.openxml4j.opc.PackageRelationshipCollection - Parsing relationship: /_rels/.rels
2025-08-14 17:17:29 [main] INFO  com.iween.testcase.TCCP_1 - Operating System: Windows
2025-08-14 17:17:29 [main] INFO  com.iween.testcase.TCCP_1 - Browser: chrome
2025-08-14 17:17:31 [main] INFO  com.iween.testcase.TCCP_1 - Browser launched and navigated to URL: https://uaev2.skytravellers.com/login
2025-08-14 17:17:31 [main] INFO  com.iween.testcase.TCCP_1 - ******** Starting TestCase1: testLogin ********
2025-08-14 17:18:05 [main] INFO  com.iween.testcase.TCCP_1 - ******** TestCase1: testLogin completed successfully ********
2025-08-14 17:18:05 [main] INFO  com.iween.testcase.TCCP_1 - Closing browser.
2025-08-14 17:31:56 [main] DEBUG org.apache.poi.openxml4j.opc.PackageRelationshipCollection - Parsing relationship: /xl/_rels/workbook.xml.rels
2025-08-14 17:31:56 [main] DEBUG org.apache.poi.openxml4j.opc.PackageRelationshipCollection - Parsing relationship: /_rels/.rels
2025-08-14 17:31:56 [main] INFO  com.iween.testcase.TCCP_1 - Operating System: Windows
2025-08-14 17:31:56 [main] INFO  com.iween.testcase.TCCP_1 - Browser: chrome
2025-08-14 17:31:58 [main] INFO  com.iween.testcase.TCCP_1 - Browser launched and navigated to URL: https://uaev2.skytravellers.com/login
2025-08-14 17:31:59 [main] INFO  com.iween.testcase.TCCP_1 - ******** Starting TestCase1: testLogin ********
2025-08-14 17:32:35 [main] INFO  com.iween.testcase.TCCP_1 - ******** TestCase1: testLogin completed successfully ********
2025-08-14 17:32:35 [main] INFO  com.iween.testcase.TCCP_1 - Closing browser.
2025-08-15 17:17:31 [main] DEBUG org.apache.poi.openxml4j.opc.PackageRelationshipCollection - Parsing relationship: /xl/_rels/workbook.xml.rels
2025-08-15 17:17:31 [main] DEBUG org.apache.poi.openxml4j.opc.PackageRelationshipCollection - Parsing relationship: /_rels/.rels
2025-08-15 17:17:32 [main] INFO  com.iween.testcase.TCCP_3 - Operating System: Windows
2025-08-15 17:17:32 [main] INFO  com.iween.testcase.TCCP_3 - Browser: chrome
2025-08-15 17:17:48 [main] INFO  com.iween.testcase.TCCP_3 - Browser launched and navigated to URL: https://uaev2.skytravellers.com/login
2025-08-15 17:17:48 [main] INFO  com.iween.testcase.TCCP_3 - ******** Starting TestCase1: testLogin ********
2025-08-15 17:17:55 [main] INFO  com.iween.testcase.TCCP_3 - ******** TestCase1: testLogin completed successfully ********
2025-08-15 17:17:55 [main] INFO  com.iween.testcase.TCCP_3 - Closing browser.
2025-08-15 17:18:44 [main] DEBUG org.apache.poi.openxml4j.opc.PackageRelationshipCollection - Parsing relationship: /xl/_rels/workbook.xml.rels
2025-08-15 17:18:44 [main] DEBUG org.apache.poi.openxml4j.opc.PackageRelationshipCollection - Parsing relationship: /_rels/.rels
2025-08-15 17:18:45 [main] INFO  com.iween.testcase.TCCP_3 - Operating System: Windows
2025-08-15 17:18:45 [main] INFO  com.iween.testcase.TCCP_3 - Browser: chrome
2025-08-15 17:18:55 [main] INFO  com.iween.testcase.TCCP_3 - Browser launched and navigated to URL: https://uaev2.skytravellers.com/login
2025-08-15 17:18:55 [main] INFO  com.iween.testcase.TCCP_3 - ******** Starting TestCase1: testLogin ********
2025-08-15 17:19:08 [main] INFO  com.iween.testcase.TCCP_3 - ******** TestCase1: testLogin completed successfully ********
2025-08-15 17:19:08 [main] INFO  com.iween.testcase.TCCP_3 - Closing browser.
2025-08-15 19:06:36 [main] DEBUG org.apache.poi.openxml4j.opc.PackageRelationshipCollection - Parsing relationship: /xl/_rels/workbook.xml.rels
2025-08-15 19:06:36 [main] DEBUG org.apache.poi.openxml4j.opc.PackageRelationshipCollection - Parsing relationship: /_rels/.rels
2025-08-15 19:06:36 [main] INFO  com.iween.testcase.TCCP_2 - Operating System: Windows
2025-08-15 19:06:36 [main] INFO  com.iween.testcase.TCCP_2 - Browser: chrome
2025-08-15 19:06:46 [main] INFO  com.iween.testcase.TCCP_2 - Browser launched and navigated to URL: https://uaev2.skytravellers.com/login
2025-08-15 19:06:46 [main] INFO  com.iween.testcase.TCCP_2 - ******** Starting TestCase1: testLogin ********
2025-08-15 19:06:49 [main] INFO  com.iween.testcase.TCCP_2 - Closing browser.
2025-08-15 19:06:50 [main] INFO  com.iween.testcase.TCCP_2 - Operating System: Windows
2025-08-15 19:06:50 [main] INFO  com.iween.testcase.TCCP_2 - Browser: chrome
2025-08-15 19:06:59 [main] INFO  com.iween.testcase.TCCP_2 - Browser launched and navigated to URL: https://uaev2.skytravellers.com/login
2025-08-15 19:06:59 [main] INFO  com.iween.testcase.TCCP_2 - ******** Starting TestCase1: testLogin ********
2025-08-15 19:07:01 [main] INFO  com.iween.testcase.TCCP_2 - Closing browser.
2025-08-15 19:07:01 [main] INFO  com.iween.testcase.TCCP_2 - Operating System: Windows
2025-08-15 19:07:01 [main] INFO  com.iween.testcase.TCCP_2 - Browser: chrome
2025-08-15 19:07:10 [main] INFO  com.iween.testcase.TCCP_2 - Browser launched and navigated to URL: https://uaev2.skytravellers.com/login
2025-08-15 19:07:10 [main] INFO  com.iween.testcase.TCCP_2 - ******** Starting TestCase1: testLogin ********
2025-08-15 19:07:12 [main] INFO  com.iween.testcase.TCCP_2 - Closing browser.
2025-08-15 19:08:36 [main] DEBUG org.apache.poi.openxml4j.opc.PackageRelationshipCollection - Parsing relationship: /xl/_rels/workbook.xml.rels
2025-08-15 19:08:36 [main] DEBUG org.apache.poi.openxml4j.opc.PackageRelationshipCollection - Parsing relationship: /_rels/.rels
2025-08-15 19:08:36 [main] INFO  com.iween.testcase.TCCP_2 - Operating System: Windows
2025-08-15 19:08:36 [main] INFO  com.iween.testcase.TCCP_2 - Browser: chrome
2025-08-15 19:08:45 [main] INFO  com.iween.testcase.TCCP_2 - Browser launched and navigated to URL: https://uaev2.skytravellers.com/login
2025-08-15 19:08:46 [main] INFO  com.iween.testcase.TCCP_2 - ******** Starting TestCase1: testLogin ********
2025-08-15 19:08:49 [main] INFO  com.iween.testcase.TCCP_2 - ******** TestCase1: testLogin completed successfully ********
2025-08-15 19:08:49 [main] INFO  com.iween.testcase.TCCP_2 - Closing browser.
2025-08-15 20:57:01 [main] DEBUG org.apache.poi.openxml4j.opc.PackageRelationshipCollection - Parsing relationship: /xl/_rels/workbook.xml.rels
2025-08-15 20:57:01 [main] DEBUG org.apache.poi.openxml4j.opc.PackageRelationshipCollection - Parsing relationship: /_rels/.rels
2025-08-15 20:57:01 [main] INFO  com.iween.testcase.TCCP_4 - Operating System: Windows
2025-08-15 20:57:01 [main] INFO  com.iween.testcase.TCCP_4 - Browser: chrome
2025-08-15 20:58:57 [main] DEBUG org.apache.poi.openxml4j.opc.PackageRelationshipCollection - Parsing relationship: /xl/_rels/workbook.xml.rels
2025-08-15 20:58:57 [main] DEBUG org.apache.poi.openxml4j.opc.PackageRelationshipCollection - Parsing relationship: /_rels/.rels
2025-08-15 20:58:57 [main] INFO  com.iween.testcase.TCCP_3 - Operating System: Windows
2025-08-15 20:58:57 [main] INFO  com.iween.testcase.TCCP_3 - Browser: chrome
2025-08-15 20:59:45 [main] INFO  com.iween.testcase.TCCP_3 - Browser launched and navigated to URL: https://uaev2.skytravellers.com/login
2025-08-15 20:59:45 [main] INFO  com.iween.testcase.TCCP_3 - ******** Starting TestCase1: testLogin ********
2025-08-15 20:59:45 [main] ERROR com.iween.testcase.TCCP_3 - Test failed due to: 
org.openqa.selenium.NoSuchWindowException: no such window: target window already closed
from unknown error: web view not found
  (Session info: chrome=139.0.7258.67)
Build info: version: '4.21.0', revision: '79ed462ef4'
System info: os.name: 'Windows 11', os.arch: 'amd64', os.version: '10.0', java.version: '21.0.7'
Driver info: org.openqa.selenium.chrome.ChromeDriver
Command: [e837e933ac4a1d3955eeed24c97ff2af, screenshot {}]
Capabilities {acceptInsecureCerts: false, browserName: chrome, browserVersion: 139.0.7258.67, chrome: {chromedriverVersion: 139.0.7258.68 (40ff94600b6e..., userDataDir: C:\Users\LENOVO\AppData\Loc...}, fedcm:accounts: true, goog:chromeOptions: {debuggerAddress: localhost:62472}, networkConnectionEnabled: false, pageLoadStrategy: normal, platformName: windows, proxy: Proxy(), se:cdp: ws://localhost:62472/devtoo..., se:cdpVersion: 139.0.7258.67, setWindowRect: true, strictFileInteractability: false, timeouts: {implicit: 0, pageLoad: 300000, script: 30000}, unhandledPromptBehavior: dismiss and notify, webauthn:extension:credBlob: true, webauthn:extension:largeBlob: true, webauthn:extension:minPinLength: true, webauthn:extension:prf: true, webauthn:virtualAuthenticators: true}
Session ID: e837e933ac4a1d3955eeed24c97ff2af
	at java.base/jdk.internal.reflect.DirectConstructorHandleAccessor.newInstance(DirectConstructorHandleAccessor.java:62) ~[?:?]
	at java.base/java.lang.reflect.Constructor.newInstanceWithCaller(Constructor.java:502) ~[?:?]
	at java.base/java.lang.reflect.Constructor.newInstance(Constructor.java:486) ~[?:?]
	at org.openqa.selenium.remote.ErrorCodec.decode(ErrorCodec.java:167) ~[selenium-remote-driver-4.21.0.jar:?]
	at org.openqa.selenium.remote.codec.w3c.W3CHttpResponseCodec.decode(W3CHttpResponseCodec.java:138) ~[selenium-remote-driver-4.21.0.jar:?]
	at org.openqa.selenium.remote.codec.w3c.W3CHttpResponseCodec.decode(W3CHttpResponseCodec.java:50) ~[selenium-remote-driver-4.21.0.jar:?]
	at org.openqa.selenium.remote.HttpCommandExecutor.execute(HttpCommandExecutor.java:190) ~[selenium-remote-driver-4.21.0.jar:?]
	at org.openqa.selenium.remote.service.DriverCommandExecutor.invokeExecute(DriverCommandExecutor.java:216) ~[selenium-remote-driver-4.21.0.jar:?]
	at org.openqa.selenium.remote.service.DriverCommandExecutor.execute(DriverCommandExecutor.java:174) ~[selenium-remote-driver-4.21.0.jar:?]
	at org.openqa.selenium.remote.RemoteWebDriver.execute(RemoteWebDriver.java:518) ~[selenium-remote-driver-4.21.0.jar:?]
	at org.openqa.selenium.remote.RemoteWebDriver.execute(RemoteWebDriver.java:591) ~[selenium-remote-driver-4.21.0.jar:?]
	at org.openqa.selenium.remote.RemoteWebDriver.execute(RemoteWebDriver.java:595) ~[selenium-remote-driver-4.21.0.jar:?]
	at org.openqa.selenium.remote.RemoteWebDriver.getScreenshotAs(RemoteWebDriver.java:321) ~[selenium-remote-driver-4.21.0.jar:?]
	at com.iween.utilities.ScreenshotUtil.captureAndAttachScreenshot1(ScreenshotUtil.java:152) ~[test-classes/:?]
	at com.skytraveller.pageObjects.loginPage.validateLoginPageIsDisplayed(loginPage.java:108) ~[test-classes/:?]
	at com.iween.testcase.TCCP_3.myTest(TCCP_3.java:62) ~[test-classes/:?]
	at java.base/jdk.internal.reflect.DirectMethodHandleAccessor.invoke(DirectMethodHandleAccessor.java:103) ~[?:?]
	at java.base/java.lang.reflect.Method.invoke(Method.java:580) ~[?:?]
	at org.testng.internal.invokers.MethodInvocationHelper.invokeMethod(MethodInvocationHelper.java:141) ~[org.testng_7.11.0.r202503091654.jar:7.11.0]
	at org.testng.internal.invokers.TestInvoker.invokeMethod(TestInvoker.java:687) ~[org.testng_7.11.0.r202503091654.jar:7.11.0]
	at org.testng.internal.invokers.TestInvoker.invokeTestMethod(TestInvoker.java:230) ~[org.testng_7.11.0.r202503091654.jar:7.11.0]
	at org.testng.internal.invokers.MethodRunner.runInSequence(MethodRunner.java:63) ~[org.testng_7.11.0.r202503091654.jar:7.11.0]
	at org.testng.internal.invokers.TestInvoker$MethodInvocationAgent.invoke(TestInvoker.java:995) ~[org.testng_7.11.0.r202503091654.jar:7.11.0]
	at org.testng.internal.invokers.TestInvoker.invokeTestMethods(TestInvoker.java:203) ~[org.testng_7.11.0.r202503091654.jar:7.11.0]
	at org.testng.internal.invokers.TestMethodWorker.invokeTestMethods(TestMethodWorker.java:154) ~[org.testng_7.11.0.r202503091654.jar:7.11.0]
	at org.testng.internal.invokers.TestMethodWorker.run(TestMethodWorker.java:134) ~[org.testng_7.11.0.r202503091654.jar:7.11.0]
	at java.base/java.util.ArrayList.forEach(ArrayList.java:1596) [?:?]
	at org.testng.TestRunner.privateRun(TestRunner.java:741) [org.testng_7.11.0.r202503091654.jar:7.11.0]
	at org.testng.TestRunner.run(TestRunner.java:616) [org.testng_7.11.0.r202503091654.jar:7.11.0]
	at org.testng.SuiteRunner.runTest(SuiteRunner.java:421) [org.testng_7.11.0.r202503091654.jar:7.11.0]
	at org.testng.SuiteRunner.runSequentially(SuiteRunner.java:413) [org.testng_7.11.0.r202503091654.jar:7.11.0]
	at org.testng.SuiteRunner.privateRun(SuiteRunner.java:373) [org.testng_7.11.0.r202503091654.jar:7.11.0]
	at org.testng.SuiteRunner.run(SuiteRunner.java:312) [org.testng_7.11.0.r202503091654.jar:7.11.0]
	at org.testng.SuiteRunnerWorker.runSuite(SuiteRunnerWorker.java:52) [org.testng_7.11.0.r202503091654.jar:7.11.0]
	at org.testng.SuiteRunnerWorker.run(SuiteRunnerWorker.java:95) [org.testng_7.11.0.r202503091654.jar:7.11.0]
	at org.testng.TestNG.runSuitesSequentially(TestNG.java:1274) [org.testng_7.11.0.r202503091654.jar:7.11.0]
	at org.testng.TestNG.runSuitesLocally(TestNG.java:1208) [org.testng_7.11.0.r202503091654.jar:7.11.0]
	at org.testng.TestNG.runSuites(TestNG.java:1112) [org.testng_7.11.0.r202503091654.jar:7.11.0]
	at org.testng.TestNG.run(TestNG.java:1079) [org.testng_7.11.0.r202503091654.jar:7.11.0]
	at org.testng.remote.AbstractRemoteTestNG.run(AbstractRemoteTestNG.java:115) [testng-remote.jar:?]
	at org.testng.remote.RemoteTestNG.initAndRun(RemoteTestNG.java:293) [testng-remote.jar:?]
	at org.testng.remote.RemoteTestNG.main(RemoteTestNG.java:91) [testng-remote.jar:?]
2025-08-15 20:59:45 [main] INFO  com.iween.testcase.TCCP_3 - Closing browser.
2025-08-15 20:59:45 [main] INFO  com.iween.testcase.TCCP_3 - Operating System: Windows
2025-08-15 20:59:45 [main] INFO  com.iween.testcase.TCCP_3 - Browser: chrome
2025-08-15 21:05:58 [main] DEBUG org.apache.poi.openxml4j.opc.PackageRelationshipCollection - Parsing relationship: /xl/_rels/workbook.xml.rels
2025-08-15 21:05:58 [main] DEBUG org.apache.poi.openxml4j.opc.PackageRelationshipCollection - Parsing relationship: /_rels/.rels
2025-08-15 21:05:58 [main] INFO  com.iween.testcase.TCCP_4 - Operating System: Windows
2025-08-15 21:05:58 [main] INFO  com.iween.testcase.TCCP_4 - Browser: chrome
2025-08-15 21:06:15 [main] INFO  com.iween.testcase.TCCP_4 - Browser launched and navigated to URL: https://uaev2.skytravellers.com/login
2025-08-15 21:06:15 [main] INFO  com.iween.testcase.TCCP_4 - ******** Starting TestCase1: testLogin ********
2025-08-15 21:06:15 [main] ERROR com.iween.testcase.TCCP_4 - Test failed due to: 
org.openqa.selenium.NoSuchWindowException: no such window: target window already closed
from unknown error: web view not found
  (Session info: chrome=139.0.7258.67)
Build info: version: '4.21.0', revision: '79ed462ef4'
System info: os.name: 'Windows 11', os.arch: 'amd64', os.version: '10.0', java.version: '21.0.7'
Driver info: org.openqa.selenium.chrome.ChromeDriver
Command: [f5d496bdd7dfcf7e3ceba184ea030e35, screenshot {}]
Capabilities {acceptInsecureCerts: false, browserName: chrome, browserVersion: 139.0.7258.67, chrome: {chromedriverVersion: 139.0.7258.68 (40ff94600b6e..., userDataDir: C:\Users\LENOVO\AppData\Loc...}, fedcm:accounts: true, goog:chromeOptions: {debuggerAddress: localhost:55416}, networkConnectionEnabled: false, pageLoadStrategy: normal, platformName: windows, proxy: Proxy(), se:cdp: ws://localhost:55416/devtoo..., se:cdpVersion: 139.0.7258.67, setWindowRect: true, strictFileInteractability: false, timeouts: {implicit: 0, pageLoad: 300000, script: 30000}, unhandledPromptBehavior: dismiss and notify, webauthn:extension:credBlob: true, webauthn:extension:largeBlob: true, webauthn:extension:minPinLength: true, webauthn:extension:prf: true, webauthn:virtualAuthenticators: true}
Session ID: f5d496bdd7dfcf7e3ceba184ea030e35
	at java.base/jdk.internal.reflect.DirectConstructorHandleAccessor.newInstance(DirectConstructorHandleAccessor.java:62) ~[?:?]
	at java.base/java.lang.reflect.Constructor.newInstanceWithCaller(Constructor.java:502) ~[?:?]
	at java.base/java.lang.reflect.Constructor.newInstance(Constructor.java:486) ~[?:?]
	at org.openqa.selenium.remote.ErrorCodec.decode(ErrorCodec.java:167) ~[selenium-remote-driver-4.21.0.jar:?]
	at org.openqa.selenium.remote.codec.w3c.W3CHttpResponseCodec.decode(W3CHttpResponseCodec.java:138) ~[selenium-remote-driver-4.21.0.jar:?]
	at org.openqa.selenium.remote.codec.w3c.W3CHttpResponseCodec.decode(W3CHttpResponseCodec.java:50) ~[selenium-remote-driver-4.21.0.jar:?]
	at org.openqa.selenium.remote.HttpCommandExecutor.execute(HttpCommandExecutor.java:190) ~[selenium-remote-driver-4.21.0.jar:?]
	at org.openqa.selenium.remote.service.DriverCommandExecutor.invokeExecute(DriverCommandExecutor.java:216) ~[selenium-remote-driver-4.21.0.jar:?]
	at org.openqa.selenium.remote.service.DriverCommandExecutor.execute(DriverCommandExecutor.java:174) ~[selenium-remote-driver-4.21.0.jar:?]
	at org.openqa.selenium.remote.RemoteWebDriver.execute(RemoteWebDriver.java:518) ~[selenium-remote-driver-4.21.0.jar:?]
	at org.openqa.selenium.remote.RemoteWebDriver.execute(RemoteWebDriver.java:591) ~[selenium-remote-driver-4.21.0.jar:?]
	at org.openqa.selenium.remote.RemoteWebDriver.execute(RemoteWebDriver.java:595) ~[selenium-remote-driver-4.21.0.jar:?]
	at org.openqa.selenium.remote.RemoteWebDriver.getScreenshotAs(RemoteWebDriver.java:321) ~[selenium-remote-driver-4.21.0.jar:?]
	at com.iween.utilities.ScreenshotUtil.captureAndAttachScreenshot1(ScreenshotUtil.java:152) ~[test-classes/:?]
	at com.skytraveller.pageObjects.loginPage.validateLoginPageIsDisplayed(loginPage.java:108) ~[test-classes/:?]
	at com.iween.testcase.TCCP_4.myTest(TCCP_4.java:67) ~[test-classes/:?]
	at java.base/jdk.internal.reflect.DirectMethodHandleAccessor.invoke(DirectMethodHandleAccessor.java:103) ~[?:?]
	at java.base/java.lang.reflect.Method.invoke(Method.java:580) ~[?:?]
	at org.testng.internal.invokers.MethodInvocationHelper.invokeMethod(MethodInvocationHelper.java:141) ~[org.testng_7.11.0.r202503091654.jar:7.11.0]
	at org.testng.internal.invokers.TestInvoker.invokeMethod(TestInvoker.java:687) ~[org.testng_7.11.0.r202503091654.jar:7.11.0]
	at org.testng.internal.invokers.TestInvoker.invokeTestMethod(TestInvoker.java:230) ~[org.testng_7.11.0.r202503091654.jar:7.11.0]
	at org.testng.internal.invokers.MethodRunner.runInSequence(MethodRunner.java:63) ~[org.testng_7.11.0.r202503091654.jar:7.11.0]
	at org.testng.internal.invokers.TestInvoker$MethodInvocationAgent.invoke(TestInvoker.java:995) ~[org.testng_7.11.0.r202503091654.jar:7.11.0]
	at org.testng.internal.invokers.TestInvoker.invokeTestMethods(TestInvoker.java:203) ~[org.testng_7.11.0.r202503091654.jar:7.11.0]
	at org.testng.internal.invokers.TestMethodWorker.invokeTestMethods(TestMethodWorker.java:154) ~[org.testng_7.11.0.r202503091654.jar:7.11.0]
	at org.testng.internal.invokers.TestMethodWorker.run(TestMethodWorker.java:134) ~[org.testng_7.11.0.r202503091654.jar:7.11.0]
	at java.base/java.util.ArrayList.forEach(ArrayList.java:1596) [?:?]
	at org.testng.TestRunner.privateRun(TestRunner.java:741) [org.testng_7.11.0.r202503091654.jar:7.11.0]
	at org.testng.TestRunner.run(TestRunner.java:616) [org.testng_7.11.0.r202503091654.jar:7.11.0]
	at org.testng.SuiteRunner.runTest(SuiteRunner.java:421) [org.testng_7.11.0.r202503091654.jar:7.11.0]
	at org.testng.SuiteRunner.runSequentially(SuiteRunner.java:413) [org.testng_7.11.0.r202503091654.jar:7.11.0]
	at org.testng.SuiteRunner.privateRun(SuiteRunner.java:373) [org.testng_7.11.0.r202503091654.jar:7.11.0]
	at org.testng.SuiteRunner.run(SuiteRunner.java:312) [org.testng_7.11.0.r202503091654.jar:7.11.0]
	at org.testng.SuiteRunnerWorker.runSuite(SuiteRunnerWorker.java:52) [org.testng_7.11.0.r202503091654.jar:7.11.0]
	at org.testng.SuiteRunnerWorker.run(SuiteRunnerWorker.java:95) [org.testng_7.11.0.r202503091654.jar:7.11.0]
	at org.testng.TestNG.runSuitesSequentially(TestNG.java:1274) [org.testng_7.11.0.r202503091654.jar:7.11.0]
	at org.testng.TestNG.runSuitesLocally(TestNG.java:1208) [org.testng_7.11.0.r202503091654.jar:7.11.0]
	at org.testng.TestNG.runSuites(TestNG.java:1112) [org.testng_7.11.0.r202503091654.jar:7.11.0]
	at org.testng.TestNG.run(TestNG.java:1079) [org.testng_7.11.0.r202503091654.jar:7.11.0]
	at org.testng.remote.AbstractRemoteTestNG.run(AbstractRemoteTestNG.java:115) [testng-remote.jar:?]
	at org.testng.remote.RemoteTestNG.initAndRun(RemoteTestNG.java:293) [testng-remote.jar:?]
	at org.testng.remote.RemoteTestNG.main(RemoteTestNG.java:91) [testng-remote.jar:?]
2025-08-15 21:06:15 [main] INFO  com.iween.testcase.TCCP_4 - Closing browser.
2025-08-15 21:06:15 [main] INFO  com.iween.testcase.TCCP_4 - Operating System: Windows
2025-08-15 21:06:15 [main] INFO  com.iween.testcase.TCCP_4 - Browser: chrome
2025-08-15 21:06:20 [main] INFO  com.iween.testcase.TCCP_4 - Browser launched and navigated to URL: https://uaev2.skytravellers.com/login
2025-08-15 21:06:20 [main] INFO  com.iween.testcase.TCCP_4 - ******** Starting TestCase1: testLogin ********
2025-08-15 21:06:21 [main] ERROR com.iween.testcase.TCCP_4 - Test failed due to: 
org.openqa.selenium.NoSuchWindowException: no such window: target window already closed
from unknown error: web view not found
  (Session info: chrome=139.0.7258.67)
Build info: version: '4.21.0', revision: '79ed462ef4'
System info: os.name: 'Windows 11', os.arch: 'amd64', os.version: '10.0', java.version: '21.0.7'
Driver info: org.openqa.selenium.chrome.ChromeDriver
Command: [f8f130e830e1920ada6b518fa68e07a3, screenshot {}]
Capabilities {acceptInsecureCerts: false, browserName: chrome, browserVersion: 139.0.7258.67, chrome: {chromedriverVersion: 139.0.7258.68 (40ff94600b6e..., userDataDir: C:\Users\LENOVO\AppData\Loc...}, fedcm:accounts: true, goog:chromeOptions: {debuggerAddress: localhost:55436}, networkConnectionEnabled: false, pageLoadStrategy: normal, platformName: windows, proxy: Proxy(), se:cdp: ws://localhost:55436/devtoo..., se:cdpVersion: 139.0.7258.67, setWindowRect: true, strictFileInteractability: false, timeouts: {implicit: 0, pageLoad: 300000, script: 30000}, unhandledPromptBehavior: dismiss and notify, webauthn:extension:credBlob: true, webauthn:extension:largeBlob: true, webauthn:extension:minPinLength: true, webauthn:extension:prf: true, webauthn:virtualAuthenticators: true}
Session ID: f8f130e830e1920ada6b518fa68e07a3
	at java.base/jdk.internal.reflect.DirectConstructorHandleAccessor.newInstance(DirectConstructorHandleAccessor.java:62) ~[?:?]
	at java.base/java.lang.reflect.Constructor.newInstanceWithCaller(Constructor.java:502) ~[?:?]
	at java.base/java.lang.reflect.Constructor.newInstance(Constructor.java:486) ~[?:?]
	at org.openqa.selenium.remote.ErrorCodec.decode(ErrorCodec.java:167) ~[selenium-remote-driver-4.21.0.jar:?]
	at org.openqa.selenium.remote.codec.w3c.W3CHttpResponseCodec.decode(W3CHttpResponseCodec.java:138) ~[selenium-remote-driver-4.21.0.jar:?]
	at org.openqa.selenium.remote.codec.w3c.W3CHttpResponseCodec.decode(W3CHttpResponseCodec.java:50) ~[selenium-remote-driver-4.21.0.jar:?]
	at org.openqa.selenium.remote.HttpCommandExecutor.execute(HttpCommandExecutor.java:190) ~[selenium-remote-driver-4.21.0.jar:?]
	at org.openqa.selenium.remote.service.DriverCommandExecutor.invokeExecute(DriverCommandExecutor.java:216) ~[selenium-remote-driver-4.21.0.jar:?]
	at org.openqa.selenium.remote.service.DriverCommandExecutor.execute(DriverCommandExecutor.java:174) ~[selenium-remote-driver-4.21.0.jar:?]
	at org.openqa.selenium.remote.RemoteWebDriver.execute(RemoteWebDriver.java:518) ~[selenium-remote-driver-4.21.0.jar:?]
	at org.openqa.selenium.remote.RemoteWebDriver.execute(RemoteWebDriver.java:591) ~[selenium-remote-driver-4.21.0.jar:?]
	at org.openqa.selenium.remote.RemoteWebDriver.execute(RemoteWebDriver.java:595) ~[selenium-remote-driver-4.21.0.jar:?]
	at org.openqa.selenium.remote.RemoteWebDriver.getScreenshotAs(RemoteWebDriver.java:321) ~[selenium-remote-driver-4.21.0.jar:?]
	at com.iween.utilities.ScreenshotUtil.captureAndAttachScreenshot1(ScreenshotUtil.java:152) ~[test-classes/:?]
	at com.skytraveller.pageObjects.loginPage.validateLoginPageIsDisplayed(loginPage.java:108) ~[test-classes/:?]
	at com.iween.testcase.TCCP_4.myTest(TCCP_4.java:67) ~[test-classes/:?]
	at java.base/jdk.internal.reflect.DirectMethodHandleAccessor.invoke(DirectMethodHandleAccessor.java:103) ~[?:?]
	at java.base/java.lang.reflect.Method.invoke(Method.java:580) ~[?:?]
	at org.testng.internal.invokers.MethodInvocationHelper.invokeMethod(MethodInvocationHelper.java:141) ~[org.testng_7.11.0.r202503091654.jar:7.11.0]
	at org.testng.internal.invokers.TestInvoker.invokeMethod(TestInvoker.java:687) ~[org.testng_7.11.0.r202503091654.jar:7.11.0]
	at org.testng.internal.invokers.TestInvoker.retryFailed(TestInvoker.java:269) ~[org.testng_7.11.0.r202503091654.jar:7.11.0]
	at org.testng.internal.invokers.MethodRunner.runInSequence(MethodRunner.java:76) ~[org.testng_7.11.0.r202503091654.jar:7.11.0]
	at org.testng.internal.invokers.TestInvoker$MethodInvocationAgent.invoke(TestInvoker.java:995) ~[org.testng_7.11.0.r202503091654.jar:7.11.0]
	at org.testng.internal.invokers.TestInvoker.invokeTestMethods(TestInvoker.java:203) ~[org.testng_7.11.0.r202503091654.jar:7.11.0]
	at org.testng.internal.invokers.TestMethodWorker.invokeTestMethods(TestMethodWorker.java:154) ~[org.testng_7.11.0.r202503091654.jar:7.11.0]
	at org.testng.internal.invokers.TestMethodWorker.run(TestMethodWorker.java:134) ~[org.testng_7.11.0.r202503091654.jar:7.11.0]
	at java.base/java.util.ArrayList.forEach(ArrayList.java:1596) [?:?]
	at org.testng.TestRunner.privateRun(TestRunner.java:741) [org.testng_7.11.0.r202503091654.jar:7.11.0]
	at org.testng.TestRunner.run(TestRunner.java:616) [org.testng_7.11.0.r202503091654.jar:7.11.0]
	at org.testng.SuiteRunner.runTest(SuiteRunner.java:421) [org.testng_7.11.0.r202503091654.jar:7.11.0]
	at org.testng.SuiteRunner.runSequentially(SuiteRunner.java:413) [org.testng_7.11.0.r202503091654.jar:7.11.0]
	at org.testng.SuiteRunner.privateRun(SuiteRunner.java:373) [org.testng_7.11.0.r202503091654.jar:7.11.0]
	at org.testng.SuiteRunner.run(SuiteRunner.java:312) [org.testng_7.11.0.r202503091654.jar:7.11.0]
	at org.testng.SuiteRunnerWorker.runSuite(SuiteRunnerWorker.java:52) [org.testng_7.11.0.r202503091654.jar:7.11.0]
	at org.testng.SuiteRunnerWorker.run(SuiteRunnerWorker.java:95) [org.testng_7.11.0.r202503091654.jar:7.11.0]
	at org.testng.TestNG.runSuitesSequentially(TestNG.java:1274) [org.testng_7.11.0.r202503091654.jar:7.11.0]
	at org.testng.TestNG.runSuitesLocally(TestNG.java:1208) [org.testng_7.11.0.r202503091654.jar:7.11.0]
	at org.testng.TestNG.runSuites(TestNG.java:1112) [org.testng_7.11.0.r202503091654.jar:7.11.0]
	at org.testng.TestNG.run(TestNG.java:1079) [org.testng_7.11.0.r202503091654.jar:7.11.0]
	at org.testng.remote.AbstractRemoteTestNG.run(AbstractRemoteTestNG.java:115) [testng-remote.jar:?]
	at org.testng.remote.RemoteTestNG.initAndRun(RemoteTestNG.java:293) [testng-remote.jar:?]
	at org.testng.remote.RemoteTestNG.main(RemoteTestNG.java:91) [testng-remote.jar:?]
2025-08-15 21:06:21 [main] INFO  com.iween.testcase.TCCP_4 - Closing browser.
2025-08-15 21:06:21 [main] INFO  com.iween.testcase.TCCP_4 - Operating System: Windows
2025-08-15 21:06:21 [main] INFO  com.iween.testcase.TCCP_4 - Browser: chrome
2025-08-15 21:06:24 [main] INFO  com.iween.testcase.TCCP_4 - Browser launched and navigated to URL: https://uaev2.skytravellers.com/login
2025-08-15 21:06:24 [main] INFO  com.iween.testcase.TCCP_4 - ******** Starting TestCase1: testLogin ********
2025-08-15 21:06:28 [main] ERROR com.iween.testcase.TCCP_4 - Test failed due to: 
org.openqa.selenium.NoSuchSessionException: invalid session id
Build info: version: '4.21.0', revision: '79ed462ef4'
System info: os.name: 'Windows 11', os.arch: 'amd64', os.version: '10.0', java.version: '21.0.7'
Driver info: org.openqa.selenium.chrome.ChromeDriver
Command: [a0173d09c21b7eb1ec94369dea6342fe, screenshot {}]
Capabilities {acceptInsecureCerts: false, browserName: chrome, browserVersion: 139.0.7258.67, chrome: {chromedriverVersion: 139.0.7258.68 (40ff94600b6e..., userDataDir: C:\Users\LENOVO\AppData\Loc...}, fedcm:accounts: true, goog:chromeOptions: {debuggerAddress: localhost:55454}, networkConnectionEnabled: false, pageLoadStrategy: normal, platformName: windows, proxy: Proxy(), se:cdp: ws://localhost:55454/devtoo..., se:cdpVersion: 139.0.7258.67, setWindowRect: true, strictFileInteractability: false, timeouts: {implicit: 0, pageLoad: 300000, script: 30000}, unhandledPromptBehavior: dismiss and notify, webauthn:extension:credBlob: true, webauthn:extension:largeBlob: true, webauthn:extension:minPinLength: true, webauthn:extension:prf: true, webauthn:virtualAuthenticators: true}
Session ID: a0173d09c21b7eb1ec94369dea6342fe
	at java.base/jdk.internal.reflect.DirectConstructorHandleAccessor.newInstance(DirectConstructorHandleAccessor.java:62) ~[?:?]
	at java.base/java.lang.reflect.Constructor.newInstanceWithCaller(Constructor.java:502) ~[?:?]
	at java.base/java.lang.reflect.Constructor.newInstance(Constructor.java:486) ~[?:?]
	at org.openqa.selenium.remote.ErrorCodec.decode(ErrorCodec.java:167) ~[selenium-remote-driver-4.21.0.jar:?]
	at org.openqa.selenium.remote.codec.w3c.W3CHttpResponseCodec.decode(W3CHttpResponseCodec.java:138) ~[selenium-remote-driver-4.21.0.jar:?]
	at org.openqa.selenium.remote.codec.w3c.W3CHttpResponseCodec.decode(W3CHttpResponseCodec.java:50) ~[selenium-remote-driver-4.21.0.jar:?]
	at org.openqa.selenium.remote.HttpCommandExecutor.execute(HttpCommandExecutor.java:190) ~[selenium-remote-driver-4.21.0.jar:?]
	at org.openqa.selenium.remote.service.DriverCommandExecutor.invokeExecute(DriverCommandExecutor.java:216) ~[selenium-remote-driver-4.21.0.jar:?]
	at org.openqa.selenium.remote.service.DriverCommandExecutor.execute(DriverCommandExecutor.java:174) ~[selenium-remote-driver-4.21.0.jar:?]
	at org.openqa.selenium.remote.RemoteWebDriver.execute(RemoteWebDriver.java:518) ~[selenium-remote-driver-4.21.0.jar:?]
	at org.openqa.selenium.remote.RemoteWebDriver.execute(RemoteWebDriver.java:591) ~[selenium-remote-driver-4.21.0.jar:?]
	at org.openqa.selenium.remote.RemoteWebDriver.execute(RemoteWebDriver.java:595) ~[selenium-remote-driver-4.21.0.jar:?]
	at org.openqa.selenium.remote.RemoteWebDriver.getScreenshotAs(RemoteWebDriver.java:321) ~[selenium-remote-driver-4.21.0.jar:?]
	at com.iween.utilities.ScreenshotUtil.captureAndAttachScreenshot1(ScreenshotUtil.java:152) ~[test-classes/:?]
	at com.skytraveller.pageObjects.loginPage.validateLoginPageIsDisplayed(loginPage.java:108) ~[test-classes/:?]
	at com.iween.testcase.TCCP_4.myTest(TCCP_4.java:67) ~[test-classes/:?]
	at java.base/jdk.internal.reflect.DirectMethodHandleAccessor.invoke(DirectMethodHandleAccessor.java:103) ~[?:?]
	at java.base/java.lang.reflect.Method.invoke(Method.java:580) ~[?:?]
	at org.testng.internal.invokers.MethodInvocationHelper.invokeMethod(MethodInvocationHelper.java:141) ~[org.testng_7.11.0.r202503091654.jar:7.11.0]
	at org.testng.internal.invokers.TestInvoker.invokeMethod(TestInvoker.java:687) ~[org.testng_7.11.0.r202503091654.jar:7.11.0]
	at org.testng.internal.invokers.TestInvoker.retryFailed(TestInvoker.java:269) ~[org.testng_7.11.0.r202503091654.jar:7.11.0]
	at org.testng.internal.invokers.MethodRunner.runInSequence(MethodRunner.java:76) ~[org.testng_7.11.0.r202503091654.jar:7.11.0]
	at org.testng.internal.invokers.TestInvoker$MethodInvocationAgent.invoke(TestInvoker.java:995) ~[org.testng_7.11.0.r202503091654.jar:7.11.0]
	at org.testng.internal.invokers.TestInvoker.invokeTestMethods(TestInvoker.java:203) ~[org.testng_7.11.0.r202503091654.jar:7.11.0]
	at org.testng.internal.invokers.TestMethodWorker.invokeTestMethods(TestMethodWorker.java:154) ~[org.testng_7.11.0.r202503091654.jar:7.11.0]
	at org.testng.internal.invokers.TestMethodWorker.run(TestMethodWorker.java:134) ~[org.testng_7.11.0.r202503091654.jar:7.11.0]
	at java.base/java.util.ArrayList.forEach(ArrayList.java:1596) [?:?]
	at org.testng.TestRunner.privateRun(TestRunner.java:741) [org.testng_7.11.0.r202503091654.jar:7.11.0]
	at org.testng.TestRunner.run(TestRunner.java:616) [org.testng_7.11.0.r202503091654.jar:7.11.0]
	at org.testng.SuiteRunner.runTest(SuiteRunner.java:421) [org.testng_7.11.0.r202503091654.jar:7.11.0]
	at org.testng.SuiteRunner.runSequentially(SuiteRunner.java:413) [org.testng_7.11.0.r202503091654.jar:7.11.0]
	at org.testng.SuiteRunner.privateRun(SuiteRunner.java:373) [org.testng_7.11.0.r202503091654.jar:7.11.0]
	at org.testng.SuiteRunner.run(SuiteRunner.java:312) [org.testng_7.11.0.r202503091654.jar:7.11.0]
	at org.testng.SuiteRunnerWorker.runSuite(SuiteRunnerWorker.java:52) [org.testng_7.11.0.r202503091654.jar:7.11.0]
	at org.testng.SuiteRunnerWorker.run(SuiteRunnerWorker.java:95) [org.testng_7.11.0.r202503091654.jar:7.11.0]
	at org.testng.TestNG.runSuitesSequentially(TestNG.java:1274) [org.testng_7.11.0.r202503091654.jar:7.11.0]
	at org.testng.TestNG.runSuitesLocally(TestNG.java:1208) [org.testng_7.11.0.r202503091654.jar:7.11.0]
	at org.testng.TestNG.runSuites(TestNG.java:1112) [org.testng_7.11.0.r202503091654.jar:7.11.0]
	at org.testng.TestNG.run(TestNG.java:1079) [org.testng_7.11.0.r202503091654.jar:7.11.0]
	at org.testng.remote.AbstractRemoteTestNG.run(AbstractRemoteTestNG.java:115) [testng-remote.jar:?]
	at org.testng.remote.RemoteTestNG.initAndRun(RemoteTestNG.java:293) [testng-remote.jar:?]
	at org.testng.remote.RemoteTestNG.main(RemoteTestNG.java:91) [testng-remote.jar:?]
2025-08-15 21:06:28 [main] INFO  com.iween.testcase.TCCP_4 - Closing browser.
2025-08-15 21:07:15 [main] DEBUG org.apache.poi.openxml4j.opc.PackageRelationshipCollection - Parsing relationship: /xl/_rels/workbook.xml.rels
2025-08-15 21:07:15 [main] DEBUG org.apache.poi.openxml4j.opc.PackageRelationshipCollection - Parsing relationship: /_rels/.rels
2025-08-15 21:07:15 [main] INFO  com.iween.testcase.TCCP_4 - Operating System: Windows
2025-08-15 21:07:15 [main] INFO  com.iween.testcase.TCCP_4 - Browser: chrome
2025-08-15 21:08:14 [main] DEBUG org.apache.poi.openxml4j.opc.PackageRelationshipCollection - Parsing relationship: /xl/_rels/workbook.xml.rels
2025-08-15 21:08:14 [main] DEBUG org.apache.poi.openxml4j.opc.PackageRelationshipCollection - Parsing relationship: /_rels/.rels
2025-08-15 21:08:14 [main] INFO  com.iween.testcase.TCCP_4 - Operating System: Windows
2025-08-15 21:08:14 [main] INFO  com.iween.testcase.TCCP_4 - Browser: chrome
2025-08-15 21:08:30 [main] INFO  com.iween.testcase.TCCP_4 - Browser launched and navigated to URL: https://v3.tripgain.com/login
2025-08-15 21:08:30 [main] INFO  com.iween.testcase.TCCP_4 - ******** Starting TestCase1: testLogin ********
2025-08-15 21:08:45 [main] ERROR com.iween.testcase.TCCP_4 - Test failed due to: 
org.openqa.selenium.NoSuchSessionException: invalid session id
Build info: version: '4.21.0', revision: '79ed462ef4'
System info: os.name: 'Windows 11', os.arch: 'amd64', os.version: '10.0', java.version: '21.0.7'
Driver info: org.openqa.selenium.chrome.ChromeDriver
Command: [3cb3e21346ec92cacf244ab61991d195, screenshot {}]
Capabilities {acceptInsecureCerts: false, browserName: chrome, browserVersion: 139.0.7258.67, chrome: {chromedriverVersion: 139.0.7258.68 (40ff94600b6e..., userDataDir: C:\Users\LENOVO\AppData\Loc...}, fedcm:accounts: true, goog:chromeOptions: {debuggerAddress: localhost:49405}, networkConnectionEnabled: false, pageLoadStrategy: normal, platformName: windows, proxy: Proxy(), se:cdp: ws://localhost:49405/devtoo..., se:cdpVersion: 139.0.7258.67, setWindowRect: true, strictFileInteractability: false, timeouts: {implicit: 0, pageLoad: 300000, script: 30000}, unhandledPromptBehavior: dismiss and notify, webauthn:extension:credBlob: true, webauthn:extension:largeBlob: true, webauthn:extension:minPinLength: true, webauthn:extension:prf: true, webauthn:virtualAuthenticators: true}
Session ID: 3cb3e21346ec92cacf244ab61991d195
	at java.base/jdk.internal.reflect.DirectConstructorHandleAccessor.newInstance(DirectConstructorHandleAccessor.java:62) ~[?:?]
	at java.base/java.lang.reflect.Constructor.newInstanceWithCaller(Constructor.java:502) ~[?:?]
	at java.base/java.lang.reflect.Constructor.newInstance(Constructor.java:486) ~[?:?]
	at org.openqa.selenium.remote.ErrorCodec.decode(ErrorCodec.java:167) ~[selenium-remote-driver-4.21.0.jar:?]
	at org.openqa.selenium.remote.codec.w3c.W3CHttpResponseCodec.decode(W3CHttpResponseCodec.java:138) ~[selenium-remote-driver-4.21.0.jar:?]
	at org.openqa.selenium.remote.codec.w3c.W3CHttpResponseCodec.decode(W3CHttpResponseCodec.java:50) ~[selenium-remote-driver-4.21.0.jar:?]
	at org.openqa.selenium.remote.HttpCommandExecutor.execute(HttpCommandExecutor.java:190) ~[selenium-remote-driver-4.21.0.jar:?]
	at org.openqa.selenium.remote.service.DriverCommandExecutor.invokeExecute(DriverCommandExecutor.java:216) ~[selenium-remote-driver-4.21.0.jar:?]
	at org.openqa.selenium.remote.service.DriverCommandExecutor.execute(DriverCommandExecutor.java:174) ~[selenium-remote-driver-4.21.0.jar:?]
	at org.openqa.selenium.remote.RemoteWebDriver.execute(RemoteWebDriver.java:518) ~[selenium-remote-driver-4.21.0.jar:?]
	at org.openqa.selenium.remote.RemoteWebDriver.execute(RemoteWebDriver.java:591) ~[selenium-remote-driver-4.21.0.jar:?]
	at org.openqa.selenium.remote.RemoteWebDriver.execute(RemoteWebDriver.java:595) ~[selenium-remote-driver-4.21.0.jar:?]
	at org.openqa.selenium.remote.RemoteWebDriver.getScreenshotAs(RemoteWebDriver.java:321) ~[selenium-remote-driver-4.21.0.jar:?]
	at com.iween.utilities.ScreenshotUtil.captureAndAttachScreenshot1(ScreenshotUtil.java:152) ~[test-classes/:?]
	at com.skytraveller.pageObjects.loginPage.validateLoginPageIsDisplayed(loginPage.java:108) ~[test-classes/:?]
	at com.iween.testcase.TCCP_4.myTest(TCCP_4.java:67) ~[test-classes/:?]
	at java.base/jdk.internal.reflect.DirectMethodHandleAccessor.invoke(DirectMethodHandleAccessor.java:103) ~[?:?]
	at java.base/java.lang.reflect.Method.invoke(Method.java:580) ~[?:?]
	at org.testng.internal.invokers.MethodInvocationHelper.invokeMethod(MethodInvocationHelper.java:141) ~[org.testng_7.11.0.r202503091654.jar:7.11.0]
	at org.testng.internal.invokers.TestInvoker.invokeMethod(TestInvoker.java:687) ~[org.testng_7.11.0.r202503091654.jar:7.11.0]
	at org.testng.internal.invokers.TestInvoker.invokeTestMethod(TestInvoker.java:230) ~[org.testng_7.11.0.r202503091654.jar:7.11.0]
	at org.testng.internal.invokers.MethodRunner.runInSequence(MethodRunner.java:63) ~[org.testng_7.11.0.r202503091654.jar:7.11.0]
	at org.testng.internal.invokers.TestInvoker$MethodInvocationAgent.invoke(TestInvoker.java:995) ~[org.testng_7.11.0.r202503091654.jar:7.11.0]
	at org.testng.internal.invokers.TestInvoker.invokeTestMethods(TestInvoker.java:203) ~[org.testng_7.11.0.r202503091654.jar:7.11.0]
	at org.testng.internal.invokers.TestMethodWorker.invokeTestMethods(TestMethodWorker.java:154) ~[org.testng_7.11.0.r202503091654.jar:7.11.0]
	at org.testng.internal.invokers.TestMethodWorker.run(TestMethodWorker.java:134) ~[org.testng_7.11.0.r202503091654.jar:7.11.0]
	at java.base/java.util.ArrayList.forEach(ArrayList.java:1596) [?:?]
	at org.testng.TestRunner.privateRun(TestRunner.java:741) [org.testng_7.11.0.r202503091654.jar:7.11.0]
	at org.testng.TestRunner.run(TestRunner.java:616) [org.testng_7.11.0.r202503091654.jar:7.11.0]
	at org.testng.SuiteRunner.runTest(SuiteRunner.java:421) [org.testng_7.11.0.r202503091654.jar:7.11.0]
	at org.testng.SuiteRunner.runSequentially(SuiteRunner.java:413) [org.testng_7.11.0.r202503091654.jar:7.11.0]
	at org.testng.SuiteRunner.privateRun(SuiteRunner.java:373) [org.testng_7.11.0.r202503091654.jar:7.11.0]
	at org.testng.SuiteRunner.run(SuiteRunner.java:312) [org.testng_7.11.0.r202503091654.jar:7.11.0]
	at org.testng.SuiteRunnerWorker.runSuite(SuiteRunnerWorker.java:52) [org.testng_7.11.0.r202503091654.jar:7.11.0]
	at org.testng.SuiteRunnerWorker.run(SuiteRunnerWorker.java:95) [org.testng_7.11.0.r202503091654.jar:7.11.0]
	at org.testng.TestNG.runSuitesSequentially(TestNG.java:1274) [org.testng_7.11.0.r202503091654.jar:7.11.0]
	at org.testng.TestNG.runSuitesLocally(TestNG.java:1208) [org.testng_7.11.0.r202503091654.jar:7.11.0]
	at org.testng.TestNG.runSuites(TestNG.java:1112) [org.testng_7.11.0.r202503091654.jar:7.11.0]
	at org.testng.TestNG.run(TestNG.java:1079) [org.testng_7.11.0.r202503091654.jar:7.11.0]
	at org.testng.remote.AbstractRemoteTestNG.run(AbstractRemoteTestNG.java:115) [testng-remote.jar:?]
	at org.testng.remote.RemoteTestNG.initAndRun(RemoteTestNG.java:293) [testng-remote.jar:?]
	at org.testng.remote.RemoteTestNG.main(RemoteTestNG.java:91) [testng-remote.jar:?]
2025-08-15 21:08:45 [main] INFO  com.iween.testcase.TCCP_4 - Closing browser.
2025-08-15 21:08:45 [main] INFO  com.iween.testcase.TCCP_4 - Operating System: Windows
2025-08-15 21:08:45 [main] INFO  com.iween.testcase.TCCP_4 - Browser: chrome
2025-08-15 21:08:56 [main] INFO  com.iween.testcase.TCCP_4 - Browser launched and navigated to URL: https://v3.tripgain.com/login
2025-08-15 21:08:56 [main] INFO  com.iween.testcase.TCCP_4 - ******** Starting TestCase1: testLogin ********
2025-08-15 21:09:05 [main] ERROR com.iween.testcase.TCCP_4 - Test failed due to: 
org.openqa.selenium.NoSuchSessionException: invalid session id
Build info: version: '4.21.0', revision: '79ed462ef4'
System info: os.name: 'Windows 11', os.arch: 'amd64', os.version: '10.0', java.version: '21.0.7'
Driver info: org.openqa.selenium.chrome.ChromeDriver
Command: [f65e6f6d882e29ea017213c4b4376c53, screenshot {}]
Capabilities {acceptInsecureCerts: false, browserName: chrome, browserVersion: 139.0.7258.67, chrome: {chromedriverVersion: 139.0.7258.68 (40ff94600b6e..., userDataDir: C:\Users\LENOVO\AppData\Loc...}, fedcm:accounts: true, goog:chromeOptions: {debuggerAddress: localhost:49704}, networkConnectionEnabled: false, pageLoadStrategy: normal, platformName: windows, proxy: Proxy(), se:cdp: ws://localhost:49704/devtoo..., se:cdpVersion: 139.0.7258.67, setWindowRect: true, strictFileInteractability: false, timeouts: {implicit: 0, pageLoad: 300000, script: 30000}, unhandledPromptBehavior: dismiss and notify, webauthn:extension:credBlob: true, webauthn:extension:largeBlob: true, webauthn:extension:minPinLength: true, webauthn:extension:prf: true, webauthn:virtualAuthenticators: true}
Session ID: f65e6f6d882e29ea017213c4b4376c53
	at java.base/jdk.internal.reflect.DirectConstructorHandleAccessor.newInstance(DirectConstructorHandleAccessor.java:62) ~[?:?]
	at java.base/java.lang.reflect.Constructor.newInstanceWithCaller(Constructor.java:502) ~[?:?]
	at java.base/java.lang.reflect.Constructor.newInstance(Constructor.java:486) ~[?:?]
	at org.openqa.selenium.remote.ErrorCodec.decode(ErrorCodec.java:167) ~[selenium-remote-driver-4.21.0.jar:?]
	at org.openqa.selenium.remote.codec.w3c.W3CHttpResponseCodec.decode(W3CHttpResponseCodec.java:138) ~[selenium-remote-driver-4.21.0.jar:?]
	at org.openqa.selenium.remote.codec.w3c.W3CHttpResponseCodec.decode(W3CHttpResponseCodec.java:50) ~[selenium-remote-driver-4.21.0.jar:?]
	at org.openqa.selenium.remote.HttpCommandExecutor.execute(HttpCommandExecutor.java:190) ~[selenium-remote-driver-4.21.0.jar:?]
	at org.openqa.selenium.remote.service.DriverCommandExecutor.invokeExecute(DriverCommandExecutor.java:216) ~[selenium-remote-driver-4.21.0.jar:?]
	at org.openqa.selenium.remote.service.DriverCommandExecutor.execute(DriverCommandExecutor.java:174) ~[selenium-remote-driver-4.21.0.jar:?]
	at org.openqa.selenium.remote.RemoteWebDriver.execute(RemoteWebDriver.java:518) ~[selenium-remote-driver-4.21.0.jar:?]
	at org.openqa.selenium.remote.RemoteWebDriver.execute(RemoteWebDriver.java:591) ~[selenium-remote-driver-4.21.0.jar:?]
	at org.openqa.selenium.remote.RemoteWebDriver.execute(RemoteWebDriver.java:595) ~[selenium-remote-driver-4.21.0.jar:?]
	at org.openqa.selenium.remote.RemoteWebDriver.getScreenshotAs(RemoteWebDriver.java:321) ~[selenium-remote-driver-4.21.0.jar:?]
	at com.iween.utilities.ScreenshotUtil.captureAndAttachScreenshot1(ScreenshotUtil.java:152) ~[test-classes/:?]
	at com.skytraveller.pageObjects.loginPage.validateLoginPageIsDisplayed(loginPage.java:108) ~[test-classes/:?]
	at com.iween.testcase.TCCP_4.myTest(TCCP_4.java:67) ~[test-classes/:?]
	at java.base/jdk.internal.reflect.DirectMethodHandleAccessor.invoke(DirectMethodHandleAccessor.java:103) ~[?:?]
	at java.base/java.lang.reflect.Method.invoke(Method.java:580) ~[?:?]
	at org.testng.internal.invokers.MethodInvocationHelper.invokeMethod(MethodInvocationHelper.java:141) ~[org.testng_7.11.0.r202503091654.jar:7.11.0]
	at org.testng.internal.invokers.TestInvoker.invokeMethod(TestInvoker.java:687) ~[org.testng_7.11.0.r202503091654.jar:7.11.0]
	at org.testng.internal.invokers.TestInvoker.retryFailed(TestInvoker.java:269) ~[org.testng_7.11.0.r202503091654.jar:7.11.0]
	at org.testng.internal.invokers.MethodRunner.runInSequence(MethodRunner.java:76) ~[org.testng_7.11.0.r202503091654.jar:7.11.0]
	at org.testng.internal.invokers.TestInvoker$MethodInvocationAgent.invoke(TestInvoker.java:995) ~[org.testng_7.11.0.r202503091654.jar:7.11.0]
	at org.testng.internal.invokers.TestInvoker.invokeTestMethods(TestInvoker.java:203) ~[org.testng_7.11.0.r202503091654.jar:7.11.0]
	at org.testng.internal.invokers.TestMethodWorker.invokeTestMethods(TestMethodWorker.java:154) ~[org.testng_7.11.0.r202503091654.jar:7.11.0]
	at org.testng.internal.invokers.TestMethodWorker.run(TestMethodWorker.java:134) ~[org.testng_7.11.0.r202503091654.jar:7.11.0]
	at java.base/java.util.ArrayList.forEach(ArrayList.java:1596) [?:?]
	at org.testng.TestRunner.privateRun(TestRunner.java:741) [org.testng_7.11.0.r202503091654.jar:7.11.0]
	at org.testng.TestRunner.run(TestRunner.java:616) [org.testng_7.11.0.r202503091654.jar:7.11.0]
	at org.testng.SuiteRunner.runTest(SuiteRunner.java:421) [org.testng_7.11.0.r202503091654.jar:7.11.0]
	at org.testng.SuiteRunner.runSequentially(SuiteRunner.java:413) [org.testng_7.11.0.r202503091654.jar:7.11.0]
	at org.testng.SuiteRunner.privateRun(SuiteRunner.java:373) [org.testng_7.11.0.r202503091654.jar:7.11.0]
	at org.testng.SuiteRunner.run(SuiteRunner.java:312) [org.testng_7.11.0.r202503091654.jar:7.11.0]
	at org.testng.SuiteRunnerWorker.runSuite(SuiteRunnerWorker.java:52) [org.testng_7.11.0.r202503091654.jar:7.11.0]
	at org.testng.SuiteRunnerWorker.run(SuiteRunnerWorker.java:95) [org.testng_7.11.0.r202503091654.jar:7.11.0]
	at org.testng.TestNG.runSuitesSequentially(TestNG.java:1274) [org.testng_7.11.0.r202503091654.jar:7.11.0]
	at org.testng.TestNG.runSuitesLocally(TestNG.java:1208) [org.testng_7.11.0.r202503091654.jar:7.11.0]
	at org.testng.TestNG.runSuites(TestNG.java:1112) [org.testng_7.11.0.r202503091654.jar:7.11.0]
	at org.testng.TestNG.run(TestNG.java:1079) [org.testng_7.11.0.r202503091654.jar:7.11.0]
	at org.testng.remote.AbstractRemoteTestNG.run(AbstractRemoteTestNG.java:115) [testng-remote.jar:?]
	at org.testng.remote.RemoteTestNG.initAndRun(RemoteTestNG.java:293) [testng-remote.jar:?]
	at org.testng.remote.RemoteTestNG.main(RemoteTestNG.java:91) [testng-remote.jar:?]
2025-08-15 21:09:05 [main] INFO  com.iween.testcase.TCCP_4 - Closing browser.
2025-08-15 21:09:05 [main] INFO  com.iween.testcase.TCCP_4 - Operating System: Windows
2025-08-15 21:09:05 [main] INFO  com.iween.testcase.TCCP_4 - Browser: chrome
2025-08-15 21:09:42 [main] DEBUG org.apache.poi.openxml4j.opc.PackageRelationshipCollection - Parsing relationship: /xl/_rels/workbook.xml.rels
2025-08-15 21:09:42 [main] DEBUG org.apache.poi.openxml4j.opc.PackageRelationshipCollection - Parsing relationship: /_rels/.rels
2025-08-15 21:09:43 [main] INFO  com.iween.testcase.TCCP_4 - Operating System: Windows
2025-08-15 21:09:43 [main] INFO  com.iween.testcase.TCCP_4 - Browser: chrome
2025-08-15 21:09:57 [main] INFO  com.iween.testcase.TCCP_4 - Browser launched and navigated to URL: https://uaev2.skytravellers.com/login
2025-08-15 21:09:57 [main] INFO  com.iween.testcase.TCCP_4 - ******** Starting TestCase1: testLogin ********
2025-08-15 21:09:57 [main] ERROR com.iween.testcase.TCCP_4 - Test failed due to: 
org.openqa.selenium.NoSuchWindowException: no such window: target window already closed
from unknown error: web view not found
  (Session info: chrome=139.0.7258.67)
Build info: version: '4.21.0', revision: '79ed462ef4'
System info: os.name: 'Windows 11', os.arch: 'amd64', os.version: '10.0', java.version: '21.0.7'
Driver info: org.openqa.selenium.chrome.ChromeDriver
Command: [8c7d68f890dcc00a2012653ab61a20d0, screenshot {}]
Capabilities {acceptInsecureCerts: false, browserName: chrome, browserVersion: 139.0.7258.67, chrome: {chromedriverVersion: 139.0.7258.68 (40ff94600b6e..., userDataDir: C:\Users\LENOVO\AppData\Loc...}, fedcm:accounts: true, goog:chromeOptions: {debuggerAddress: localhost:50625}, networkConnectionEnabled: false, pageLoadStrategy: normal, platformName: windows, proxy: Proxy(), se:cdp: ws://localhost:50625/devtoo..., se:cdpVersion: 139.0.7258.67, setWindowRect: true, strictFileInteractability: false, timeouts: {implicit: 0, pageLoad: 300000, script: 30000}, unhandledPromptBehavior: dismiss and notify, webauthn:extension:credBlob: true, webauthn:extension:largeBlob: true, webauthn:extension:minPinLength: true, webauthn:extension:prf: true, webauthn:virtualAuthenticators: true}
Session ID: 8c7d68f890dcc00a2012653ab61a20d0
	at java.base/jdk.internal.reflect.DirectConstructorHandleAccessor.newInstance(DirectConstructorHandleAccessor.java:62) ~[?:?]
	at java.base/java.lang.reflect.Constructor.newInstanceWithCaller(Constructor.java:502) ~[?:?]
	at java.base/java.lang.reflect.Constructor.newInstance(Constructor.java:486) ~[?:?]
	at org.openqa.selenium.remote.ErrorCodec.decode(ErrorCodec.java:167) ~[selenium-remote-driver-4.21.0.jar:?]
	at org.openqa.selenium.remote.codec.w3c.W3CHttpResponseCodec.decode(W3CHttpResponseCodec.java:138) ~[selenium-remote-driver-4.21.0.jar:?]
	at org.openqa.selenium.remote.codec.w3c.W3CHttpResponseCodec.decode(W3CHttpResponseCodec.java:50) ~[selenium-remote-driver-4.21.0.jar:?]
	at org.openqa.selenium.remote.HttpCommandExecutor.execute(HttpCommandExecutor.java:190) ~[selenium-remote-driver-4.21.0.jar:?]
	at org.openqa.selenium.remote.service.DriverCommandExecutor.invokeExecute(DriverCommandExecutor.java:216) ~[selenium-remote-driver-4.21.0.jar:?]
	at org.openqa.selenium.remote.service.DriverCommandExecutor.execute(DriverCommandExecutor.java:174) ~[selenium-remote-driver-4.21.0.jar:?]
	at org.openqa.selenium.remote.RemoteWebDriver.execute(RemoteWebDriver.java:518) ~[selenium-remote-driver-4.21.0.jar:?]
	at org.openqa.selenium.remote.RemoteWebDriver.execute(RemoteWebDriver.java:591) ~[selenium-remote-driver-4.21.0.jar:?]
	at org.openqa.selenium.remote.RemoteWebDriver.execute(RemoteWebDriver.java:595) ~[selenium-remote-driver-4.21.0.jar:?]
	at org.openqa.selenium.remote.RemoteWebDriver.getScreenshotAs(RemoteWebDriver.java:321) ~[selenium-remote-driver-4.21.0.jar:?]
	at com.iween.utilities.ScreenshotUtil.captureAndAttachScreenshot1(ScreenshotUtil.java:152) ~[test-classes/:?]
	at com.skytraveller.pageObjects.loginPage.validateLoginPageIsDisplayed(loginPage.java:108) ~[test-classes/:?]
	at com.iween.testcase.TCCP_4.myTest(TCCP_4.java:67) ~[test-classes/:?]
	at java.base/jdk.internal.reflect.DirectMethodHandleAccessor.invoke(DirectMethodHandleAccessor.java:103) ~[?:?]
	at java.base/java.lang.reflect.Method.invoke(Method.java:580) ~[?:?]
	at org.testng.internal.invokers.MethodInvocationHelper.invokeMethod(MethodInvocationHelper.java:141) ~[org.testng_7.11.0.r202503091654.jar:7.11.0]
	at org.testng.internal.invokers.TestInvoker.invokeMethod(TestInvoker.java:687) ~[org.testng_7.11.0.r202503091654.jar:7.11.0]
	at org.testng.internal.invokers.TestInvoker.invokeTestMethod(TestInvoker.java:230) ~[org.testng_7.11.0.r202503091654.jar:7.11.0]
	at org.testng.internal.invokers.MethodRunner.runInSequence(MethodRunner.java:63) ~[org.testng_7.11.0.r202503091654.jar:7.11.0]
	at org.testng.internal.invokers.TestInvoker$MethodInvocationAgent.invoke(TestInvoker.java:995) ~[org.testng_7.11.0.r202503091654.jar:7.11.0]
	at org.testng.internal.invokers.TestInvoker.invokeTestMethods(TestInvoker.java:203) ~[org.testng_7.11.0.r202503091654.jar:7.11.0]
	at org.testng.internal.invokers.TestMethodWorker.invokeTestMethods(TestMethodWorker.java:154) ~[org.testng_7.11.0.r202503091654.jar:7.11.0]
	at org.testng.internal.invokers.TestMethodWorker.run(TestMethodWorker.java:134) ~[org.testng_7.11.0.r202503091654.jar:7.11.0]
	at java.base/java.util.ArrayList.forEach(ArrayList.java:1596) [?:?]
	at org.testng.TestRunner.privateRun(TestRunner.java:741) [org.testng_7.11.0.r202503091654.jar:7.11.0]
	at org.testng.TestRunner.run(TestRunner.java:616) [org.testng_7.11.0.r202503091654.jar:7.11.0]
	at org.testng.SuiteRunner.runTest(SuiteRunner.java:421) [org.testng_7.11.0.r202503091654.jar:7.11.0]
	at org.testng.SuiteRunner.runSequentially(SuiteRunner.java:413) [org.testng_7.11.0.r202503091654.jar:7.11.0]
	at org.testng.SuiteRunner.privateRun(SuiteRunner.java:373) [org.testng_7.11.0.r202503091654.jar:7.11.0]
	at org.testng.SuiteRunner.run(SuiteRunner.java:312) [org.testng_7.11.0.r202503091654.jar:7.11.0]
	at org.testng.SuiteRunnerWorker.runSuite(SuiteRunnerWorker.java:52) [org.testng_7.11.0.r202503091654.jar:7.11.0]
	at org.testng.SuiteRunnerWorker.run(SuiteRunnerWorker.java:95) [org.testng_7.11.0.r202503091654.jar:7.11.0]
	at org.testng.TestNG.runSuitesSequentially(TestNG.java:1274) [org.testng_7.11.0.r202503091654.jar:7.11.0]
	at org.testng.TestNG.runSuitesLocally(TestNG.java:1208) [org.testng_7.11.0.r202503091654.jar:7.11.0]
	at org.testng.TestNG.runSuites(TestNG.java:1112) [org.testng_7.11.0.r202503091654.jar:7.11.0]
	at org.testng.TestNG.run(TestNG.java:1079) [org.testng_7.11.0.r202503091654.jar:7.11.0]
	at org.testng.remote.AbstractRemoteTestNG.run(AbstractRemoteTestNG.java:115) [testng-remote.jar:?]
	at org.testng.remote.RemoteTestNG.initAndRun(RemoteTestNG.java:293) [testng-remote.jar:?]
	at org.testng.remote.RemoteTestNG.main(RemoteTestNG.java:91) [testng-remote.jar:?]
2025-08-15 21:09:57 [main] INFO  com.iween.testcase.TCCP_4 - Closing browser.
2025-08-15 21:09:57 [main] INFO  com.iween.testcase.TCCP_4 - Operating System: Windows
2025-08-15 21:09:57 [main] INFO  com.iween.testcase.TCCP_4 - Browser: chrome
2025-08-15 21:10:03 [main] INFO  com.iween.testcase.TCCP_4 - Browser launched and navigated to URL: https://uaev2.skytravellers.com/login
2025-08-15 21:10:03 [main] INFO  com.iween.testcase.TCCP_4 - ******** Starting TestCase1: testLogin ********
2025-08-15 21:10:03 [main] ERROR com.iween.testcase.TCCP_4 - Test failed due to: 
org.openqa.selenium.NoSuchWindowException: no such window: target window already closed
from unknown error: web view not found
  (Session info: chrome=139.0.7258.67)
Build info: version: '4.21.0', revision: '79ed462ef4'
System info: os.name: 'Windows 11', os.arch: 'amd64', os.version: '10.0', java.version: '21.0.7'
Driver info: org.openqa.selenium.chrome.ChromeDriver
Command: [62363b0700fabc21c99b16eea07eaba0, screenshot {}]
Capabilities {acceptInsecureCerts: false, browserName: chrome, browserVersion: 139.0.7258.67, chrome: {chromedriverVersion: 139.0.7258.68 (40ff94600b6e..., userDataDir: C:\Users\LENOVO\AppData\Loc...}, fedcm:accounts: true, goog:chromeOptions: {debuggerAddress: localhost:50645}, networkConnectionEnabled: false, pageLoadStrategy: normal, platformName: windows, proxy: Proxy(), se:cdp: ws://localhost:50645/devtoo..., se:cdpVersion: 139.0.7258.67, setWindowRect: true, strictFileInteractability: false, timeouts: {implicit: 0, pageLoad: 300000, script: 30000}, unhandledPromptBehavior: dismiss and notify, webauthn:extension:credBlob: true, webauthn:extension:largeBlob: true, webauthn:extension:minPinLength: true, webauthn:extension:prf: true, webauthn:virtualAuthenticators: true}
Session ID: 62363b0700fabc21c99b16eea07eaba0
	at java.base/jdk.internal.reflect.DirectConstructorHandleAccessor.newInstance(DirectConstructorHandleAccessor.java:62) ~[?:?]
	at java.base/java.lang.reflect.Constructor.newInstanceWithCaller(Constructor.java:502) ~[?:?]
	at java.base/java.lang.reflect.Constructor.newInstance(Constructor.java:486) ~[?:?]
	at org.openqa.selenium.remote.ErrorCodec.decode(ErrorCodec.java:167) ~[selenium-remote-driver-4.21.0.jar:?]
	at org.openqa.selenium.remote.codec.w3c.W3CHttpResponseCodec.decode(W3CHttpResponseCodec.java:138) ~[selenium-remote-driver-4.21.0.jar:?]
	at org.openqa.selenium.remote.codec.w3c.W3CHttpResponseCodec.decode(W3CHttpResponseCodec.java:50) ~[selenium-remote-driver-4.21.0.jar:?]
	at org.openqa.selenium.remote.HttpCommandExecutor.execute(HttpCommandExecutor.java:190) ~[selenium-remote-driver-4.21.0.jar:?]
	at org.openqa.selenium.remote.service.DriverCommandExecutor.invokeExecute(DriverCommandExecutor.java:216) ~[selenium-remote-driver-4.21.0.jar:?]
	at org.openqa.selenium.remote.service.DriverCommandExecutor.execute(DriverCommandExecutor.java:174) ~[selenium-remote-driver-4.21.0.jar:?]
	at org.openqa.selenium.remote.RemoteWebDriver.execute(RemoteWebDriver.java:518) ~[selenium-remote-driver-4.21.0.jar:?]
	at org.openqa.selenium.remote.RemoteWebDriver.execute(RemoteWebDriver.java:591) ~[selenium-remote-driver-4.21.0.jar:?]
	at org.openqa.selenium.remote.RemoteWebDriver.execute(RemoteWebDriver.java:595) ~[selenium-remote-driver-4.21.0.jar:?]
	at org.openqa.selenium.remote.RemoteWebDriver.getScreenshotAs(RemoteWebDriver.java:321) ~[selenium-remote-driver-4.21.0.jar:?]
	at com.iween.utilities.ScreenshotUtil.captureAndAttachScreenshot1(ScreenshotUtil.java:152) ~[test-classes/:?]
	at com.skytraveller.pageObjects.loginPage.validateLoginPageIsDisplayed(loginPage.java:108) ~[test-classes/:?]
	at com.iween.testcase.TCCP_4.myTest(TCCP_4.java:67) ~[test-classes/:?]
	at java.base/jdk.internal.reflect.DirectMethodHandleAccessor.invoke(DirectMethodHandleAccessor.java:103) ~[?:?]
	at java.base/java.lang.reflect.Method.invoke(Method.java:580) ~[?:?]
	at org.testng.internal.invokers.MethodInvocationHelper.invokeMethod(MethodInvocationHelper.java:141) ~[org.testng_7.11.0.r202503091654.jar:7.11.0]
	at org.testng.internal.invokers.TestInvoker.invokeMethod(TestInvoker.java:687) ~[org.testng_7.11.0.r202503091654.jar:7.11.0]
	at org.testng.internal.invokers.TestInvoker.retryFailed(TestInvoker.java:269) ~[org.testng_7.11.0.r202503091654.jar:7.11.0]
	at org.testng.internal.invokers.MethodRunner.runInSequence(MethodRunner.java:76) ~[org.testng_7.11.0.r202503091654.jar:7.11.0]
	at org.testng.internal.invokers.TestInvoker$MethodInvocationAgent.invoke(TestInvoker.java:995) ~[org.testng_7.11.0.r202503091654.jar:7.11.0]
	at org.testng.internal.invokers.TestInvoker.invokeTestMethods(TestInvoker.java:203) ~[org.testng_7.11.0.r202503091654.jar:7.11.0]
	at org.testng.internal.invokers.TestMethodWorker.invokeTestMethods(TestMethodWorker.java:154) ~[org.testng_7.11.0.r202503091654.jar:7.11.0]
	at org.testng.internal.invokers.TestMethodWorker.run(TestMethodWorker.java:134) ~[org.testng_7.11.0.r202503091654.jar:7.11.0]
	at java.base/java.util.ArrayList.forEach(ArrayList.java:1596) [?:?]
	at org.testng.TestRunner.privateRun(TestRunner.java:741) [org.testng_7.11.0.r202503091654.jar:7.11.0]
	at org.testng.TestRunner.run(TestRunner.java:616) [org.testng_7.11.0.r202503091654.jar:7.11.0]
	at org.testng.SuiteRunner.runTest(SuiteRunner.java:421) [org.testng_7.11.0.r202503091654.jar:7.11.0]
	at org.testng.SuiteRunner.runSequentially(SuiteRunner.java:413) [org.testng_7.11.0.r202503091654.jar:7.11.0]
	at org.testng.SuiteRunner.privateRun(SuiteRunner.java:373) [org.testng_7.11.0.r202503091654.jar:7.11.0]
	at org.testng.SuiteRunner.run(SuiteRunner.java:312) [org.testng_7.11.0.r202503091654.jar:7.11.0]
	at org.testng.SuiteRunnerWorker.runSuite(SuiteRunnerWorker.java:52) [org.testng_7.11.0.r202503091654.jar:7.11.0]
	at org.testng.SuiteRunnerWorker.run(SuiteRunnerWorker.java:95) [org.testng_7.11.0.r202503091654.jar:7.11.0]
	at org.testng.TestNG.runSuitesSequentially(TestNG.java:1274) [org.testng_7.11.0.r202503091654.jar:7.11.0]
	at org.testng.TestNG.runSuitesLocally(TestNG.java:1208) [org.testng_7.11.0.r202503091654.jar:7.11.0]
	at org.testng.TestNG.runSuites(TestNG.java:1112) [org.testng_7.11.0.r202503091654.jar:7.11.0]
	at org.testng.TestNG.run(TestNG.java:1079) [org.testng_7.11.0.r202503091654.jar:7.11.0]
	at org.testng.remote.AbstractRemoteTestNG.run(AbstractRemoteTestNG.java:115) [testng-remote.jar:?]
	at org.testng.remote.RemoteTestNG.initAndRun(RemoteTestNG.java:293) [testng-remote.jar:?]
	at org.testng.remote.RemoteTestNG.main(RemoteTestNG.java:91) [testng-remote.jar:?]
2025-08-15 21:10:03 [main] INFO  com.iween.testcase.TCCP_4 - Closing browser.
2025-08-15 21:10:03 [main] INFO  com.iween.testcase.TCCP_4 - Operating System: Windows
2025-08-15 21:10:03 [main] INFO  com.iween.testcase.TCCP_4 - Browser: chrome
2025-08-15 21:10:09 [main] INFO  com.iween.testcase.TCCP_4 - Browser launched and navigated to URL: https://uaev2.skytravellers.com/login
2025-08-15 21:10:09 [main] INFO  com.iween.testcase.TCCP_4 - ******** Starting TestCase1: testLogin ********
2025-08-15 21:10:09 [main] ERROR com.iween.testcase.TCCP_4 - Test failed due to: 
org.openqa.selenium.NoSuchWindowException: no such window: target window already closed
from unknown error: web view not found
  (Session info: chrome=139.0.7258.67)
Build info: version: '4.21.0', revision: '79ed462ef4'
System info: os.name: 'Windows 11', os.arch: 'amd64', os.version: '10.0', java.version: '21.0.7'
Driver info: org.openqa.selenium.chrome.ChromeDriver
Command: [044ac2672669e4a1e7d937107d5772ed, screenshot {}]
Capabilities {acceptInsecureCerts: false, browserName: chrome, browserVersion: 139.0.7258.67, chrome: {chromedriverVersion: 139.0.7258.68 (40ff94600b6e..., userDataDir: C:\Users\LENOVO\AppData\Loc...}, fedcm:accounts: true, goog:chromeOptions: {debuggerAddress: localhost:50663}, networkConnectionEnabled: false, pageLoadStrategy: normal, platformName: windows, proxy: Proxy(), se:cdp: ws://localhost:50663/devtoo..., se:cdpVersion: 139.0.7258.67, setWindowRect: true, strictFileInteractability: false, timeouts: {implicit: 0, pageLoad: 300000, script: 30000}, unhandledPromptBehavior: dismiss and notify, webauthn:extension:credBlob: true, webauthn:extension:largeBlob: true, webauthn:extension:minPinLength: true, webauthn:extension:prf: true, webauthn:virtualAuthenticators: true}
Session ID: 044ac2672669e4a1e7d937107d5772ed
	at java.base/jdk.internal.reflect.DirectConstructorHandleAccessor.newInstance(DirectConstructorHandleAccessor.java:62) ~[?:?]
	at java.base/java.lang.reflect.Constructor.newInstanceWithCaller(Constructor.java:502) ~[?:?]
	at java.base/java.lang.reflect.Constructor.newInstance(Constructor.java:486) ~[?:?]
	at org.openqa.selenium.remote.ErrorCodec.decode(ErrorCodec.java:167) ~[selenium-remote-driver-4.21.0.jar:?]
	at org.openqa.selenium.remote.codec.w3c.W3CHttpResponseCodec.decode(W3CHttpResponseCodec.java:138) ~[selenium-remote-driver-4.21.0.jar:?]
	at org.openqa.selenium.remote.codec.w3c.W3CHttpResponseCodec.decode(W3CHttpResponseCodec.java:50) ~[selenium-remote-driver-4.21.0.jar:?]
	at org.openqa.selenium.remote.HttpCommandExecutor.execute(HttpCommandExecutor.java:190) ~[selenium-remote-driver-4.21.0.jar:?]
	at org.openqa.selenium.remote.service.DriverCommandExecutor.invokeExecute(DriverCommandExecutor.java:216) ~[selenium-remote-driver-4.21.0.jar:?]
	at org.openqa.selenium.remote.service.DriverCommandExecutor.execute(DriverCommandExecutor.java:174) ~[selenium-remote-driver-4.21.0.jar:?]
	at org.openqa.selenium.remote.RemoteWebDriver.execute(RemoteWebDriver.java:518) ~[selenium-remote-driver-4.21.0.jar:?]
	at org.openqa.selenium.remote.RemoteWebDriver.execute(RemoteWebDriver.java:591) ~[selenium-remote-driver-4.21.0.jar:?]
	at org.openqa.selenium.remote.RemoteWebDriver.execute(RemoteWebDriver.java:595) ~[selenium-remote-driver-4.21.0.jar:?]
	at org.openqa.selenium.remote.RemoteWebDriver.getScreenshotAs(RemoteWebDriver.java:321) ~[selenium-remote-driver-4.21.0.jar:?]
	at com.iween.utilities.ScreenshotUtil.captureAndAttachScreenshot1(ScreenshotUtil.java:152) ~[test-classes/:?]
	at com.skytraveller.pageObjects.loginPage.validateLoginPageIsDisplayed(loginPage.java:108) ~[test-classes/:?]
	at com.iween.testcase.TCCP_4.myTest(TCCP_4.java:67) ~[test-classes/:?]
	at java.base/jdk.internal.reflect.DirectMethodHandleAccessor.invoke(DirectMethodHandleAccessor.java:103) ~[?:?]
	at java.base/java.lang.reflect.Method.invoke(Method.java:580) ~[?:?]
	at org.testng.internal.invokers.MethodInvocationHelper.invokeMethod(MethodInvocationHelper.java:141) ~[org.testng_7.11.0.r202503091654.jar:7.11.0]
	at org.testng.internal.invokers.TestInvoker.invokeMethod(TestInvoker.java:687) ~[org.testng_7.11.0.r202503091654.jar:7.11.0]
	at org.testng.internal.invokers.TestInvoker.retryFailed(TestInvoker.java:269) ~[org.testng_7.11.0.r202503091654.jar:7.11.0]
	at org.testng.internal.invokers.MethodRunner.runInSequence(MethodRunner.java:76) ~[org.testng_7.11.0.r202503091654.jar:7.11.0]
	at org.testng.internal.invokers.TestInvoker$MethodInvocationAgent.invoke(TestInvoker.java:995) ~[org.testng_7.11.0.r202503091654.jar:7.11.0]
	at org.testng.internal.invokers.TestInvoker.invokeTestMethods(TestInvoker.java:203) ~[org.testng_7.11.0.r202503091654.jar:7.11.0]
	at org.testng.internal.invokers.TestMethodWorker.invokeTestMethods(TestMethodWorker.java:154) ~[org.testng_7.11.0.r202503091654.jar:7.11.0]
	at org.testng.internal.invokers.TestMethodWorker.run(TestMethodWorker.java:134) ~[org.testng_7.11.0.r202503091654.jar:7.11.0]
	at java.base/java.util.ArrayList.forEach(ArrayList.java:1596) [?:?]
	at org.testng.TestRunner.privateRun(TestRunner.java:741) [org.testng_7.11.0.r202503091654.jar:7.11.0]
	at org.testng.TestRunner.run(TestRunner.java:616) [org.testng_7.11.0.r202503091654.jar:7.11.0]
	at org.testng.SuiteRunner.runTest(SuiteRunner.java:421) [org.testng_7.11.0.r202503091654.jar:7.11.0]
	at org.testng.SuiteRunner.runSequentially(SuiteRunner.java:413) [org.testng_7.11.0.r202503091654.jar:7.11.0]
	at org.testng.SuiteRunner.privateRun(SuiteRunner.java:373) [org.testng_7.11.0.r202503091654.jar:7.11.0]
	at org.testng.SuiteRunner.run(SuiteRunner.java:312) [org.testng_7.11.0.r202503091654.jar:7.11.0]
	at org.testng.SuiteRunnerWorker.runSuite(SuiteRunnerWorker.java:52) [org.testng_7.11.0.r202503091654.jar:7.11.0]
	at org.testng.SuiteRunnerWorker.run(SuiteRunnerWorker.java:95) [org.testng_7.11.0.r202503091654.jar:7.11.0]
	at org.testng.TestNG.runSuitesSequentially(TestNG.java:1274) [org.testng_7.11.0.r202503091654.jar:7.11.0]
	at org.testng.TestNG.runSuitesLocally(TestNG.java:1208) [org.testng_7.11.0.r202503091654.jar:7.11.0]
	at org.testng.TestNG.runSuites(TestNG.java:1112) [org.testng_7.11.0.r202503091654.jar:7.11.0]
	at org.testng.TestNG.run(TestNG.java:1079) [org.testng_7.11.0.r202503091654.jar:7.11.0]
	at org.testng.remote.AbstractRemoteTestNG.run(AbstractRemoteTestNG.java:115) [testng-remote.jar:?]
	at org.testng.remote.RemoteTestNG.initAndRun(RemoteTestNG.java:293) [testng-remote.jar:?]
	at org.testng.remote.RemoteTestNG.main(RemoteTestNG.java:91) [testng-remote.jar:?]
2025-08-15 21:10:09 [main] INFO  com.iween.testcase.TCCP_4 - Closing browser.
2025-08-15 21:15:00 [main] DEBUG org.apache.poi.openxml4j.opc.PackageRelationshipCollection - Parsing relationship: /xl/_rels/workbook.xml.rels
2025-08-15 21:15:00 [main] DEBUG org.apache.poi.openxml4j.opc.PackageRelationshipCollection - Parsing relationship: /_rels/.rels
2025-08-15 21:15:00 [main] INFO  com.iween.testcase.TCCP_4 - Operating System: Windows
2025-08-15 21:15:00 [main] INFO  com.iween.testcase.TCCP_4 - Browser: chrome
2025-08-15 21:15:17 [main] INFO  com.iween.testcase.TCCP_4 - Browser launched and navigated to URL: https://uaev2.skytravellers.com/login
2025-08-15 21:15:17 [main] INFO  com.iween.testcase.TCCP_4 - ******** Starting TestCase1: testLogin ********
2025-08-15 21:15:31 [main] INFO  com.iween.testcase.TCCP_4 - ******** TestCase1: testLogin completed successfully ********
2025-08-15 21:15:31 [main] INFO  com.iween.testcase.TCCP_4 - Closing browser.
2025-08-15 21:16:41 [main] DEBUG org.apache.poi.openxml4j.opc.PackageRelationshipCollection - Parsing relationship: /xl/_rels/workbook.xml.rels
2025-08-15 21:16:41 [main] DEBUG org.apache.poi.openxml4j.opc.PackageRelationshipCollection - Parsing relationship: /_rels/.rels
2025-08-15 21:16:41 [main] INFO  com.iween.testcase.TCCP_4 - Operating System: Windows
2025-08-15 21:16:41 [main] INFO  com.iween.testcase.TCCP_4 - Browser: chrome
2025-08-15 21:17:33 [main] INFO  com.iween.testcase.TCCP_4 - Browser launched and navigated to URL: https://uaev2.skytravellers.com/login
2025-08-15 21:17:33 [main] INFO  com.iween.testcase.TCCP_4 - ******** Starting TestCase1: testLogin ********
2025-08-15 21:17:45 [main] INFO  com.iween.testcase.TCCP_4 - Closing browser.
2025-08-15 21:17:45 [main] INFO  com.iween.testcase.TCCP_4 - Operating System: Windows
2025-08-15 21:17:45 [main] INFO  com.iween.testcase.TCCP_4 - Browser: chrome
2025-08-15 21:18:52 [main] INFO  com.iween.testcase.TCCP_4 - Browser launched and navigated to URL: https://uaev2.skytravellers.com/login
2025-08-15 21:18:52 [main] INFO  com.iween.testcase.TCCP_4 - ******** Starting TestCase1: testLogin ********
2025-08-15 21:18:52 [main] ERROR com.iween.testcase.TCCP_4 - Test failed due to: 
org.openqa.selenium.NoSuchWindowException: no such window: target window already closed
from unknown error: web view not found
  (Session info: chrome=139.0.7258.67)
Build info: version: '4.21.0', revision: '79ed462ef4'
System info: os.name: 'Windows 11', os.arch: 'amd64', os.version: '10.0', java.version: '21.0.7'
Driver info: org.openqa.selenium.chrome.ChromeDriver
Command: [fe3cd79a06f167b0d892cba65734a54f, screenshot {}]
Capabilities {acceptInsecureCerts: false, browserName: chrome, browserVersion: 139.0.7258.67, chrome: {chromedriverVersion: 139.0.7258.68 (40ff94600b6e..., userDataDir: C:\Users\LENOVO\AppData\Loc...}, fedcm:accounts: true, goog:chromeOptions: {debuggerAddress: localhost:55894}, networkConnectionEnabled: false, pageLoadStrategy: normal, platformName: windows, proxy: Proxy(), se:cdp: ws://localhost:55894/devtoo..., se:cdpVersion: 139.0.7258.67, setWindowRect: true, strictFileInteractability: false, timeouts: {implicit: 0, pageLoad: 300000, script: 30000}, unhandledPromptBehavior: dismiss and notify, webauthn:extension:credBlob: true, webauthn:extension:largeBlob: true, webauthn:extension:minPinLength: true, webauthn:extension:prf: true, webauthn:virtualAuthenticators: true}
Session ID: fe3cd79a06f167b0d892cba65734a54f
	at java.base/jdk.internal.reflect.DirectConstructorHandleAccessor.newInstance(DirectConstructorHandleAccessor.java:62) ~[?:?]
	at java.base/java.lang.reflect.Constructor.newInstanceWithCaller(Constructor.java:502) ~[?:?]
	at java.base/java.lang.reflect.Constructor.newInstance(Constructor.java:486) ~[?:?]
	at org.openqa.selenium.remote.ErrorCodec.decode(ErrorCodec.java:167) ~[selenium-remote-driver-4.21.0.jar:?]
	at org.openqa.selenium.remote.codec.w3c.W3CHttpResponseCodec.decode(W3CHttpResponseCodec.java:138) ~[selenium-remote-driver-4.21.0.jar:?]
	at org.openqa.selenium.remote.codec.w3c.W3CHttpResponseCodec.decode(W3CHttpResponseCodec.java:50) ~[selenium-remote-driver-4.21.0.jar:?]
	at org.openqa.selenium.remote.HttpCommandExecutor.execute(HttpCommandExecutor.java:190) ~[selenium-remote-driver-4.21.0.jar:?]
	at org.openqa.selenium.remote.service.DriverCommandExecutor.invokeExecute(DriverCommandExecutor.java:216) ~[selenium-remote-driver-4.21.0.jar:?]
	at org.openqa.selenium.remote.service.DriverCommandExecutor.execute(DriverCommandExecutor.java:174) ~[selenium-remote-driver-4.21.0.jar:?]
	at org.openqa.selenium.remote.RemoteWebDriver.execute(RemoteWebDriver.java:518) ~[selenium-remote-driver-4.21.0.jar:?]
	at org.openqa.selenium.remote.RemoteWebDriver.execute(RemoteWebDriver.java:591) ~[selenium-remote-driver-4.21.0.jar:?]
	at org.openqa.selenium.remote.RemoteWebDriver.execute(RemoteWebDriver.java:595) ~[selenium-remote-driver-4.21.0.jar:?]
	at org.openqa.selenium.remote.RemoteWebDriver.getScreenshotAs(RemoteWebDriver.java:321) ~[selenium-remote-driver-4.21.0.jar:?]
	at com.iween.utilities.ScreenshotUtil.captureAndAttachScreenshot1(ScreenshotUtil.java:152) ~[test-classes/:?]
	at com.skytraveller.pageObjects.loginPage.validateLoginPageIsDisplayed(loginPage.java:108) ~[test-classes/:?]
	at com.iween.testcase.TCCP_4.myTest(TCCP_4.java:67) ~[test-classes/:?]
	at java.base/jdk.internal.reflect.DirectMethodHandleAccessor.invoke(DirectMethodHandleAccessor.java:103) ~[?:?]
	at java.base/java.lang.reflect.Method.invoke(Method.java:580) ~[?:?]
	at org.testng.internal.invokers.MethodInvocationHelper.invokeMethod(MethodInvocationHelper.java:141) ~[org.testng_7.11.0.r202503091654.jar:7.11.0]
	at org.testng.internal.invokers.TestInvoker.invokeMethod(TestInvoker.java:687) ~[org.testng_7.11.0.r202503091654.jar:7.11.0]
	at org.testng.internal.invokers.TestInvoker.retryFailed(TestInvoker.java:269) ~[org.testng_7.11.0.r202503091654.jar:7.11.0]
	at org.testng.internal.invokers.MethodRunner.runInSequence(MethodRunner.java:76) ~[org.testng_7.11.0.r202503091654.jar:7.11.0]
	at org.testng.internal.invokers.TestInvoker$MethodInvocationAgent.invoke(TestInvoker.java:995) ~[org.testng_7.11.0.r202503091654.jar:7.11.0]
	at org.testng.internal.invokers.TestInvoker.invokeTestMethods(TestInvoker.java:203) ~[org.testng_7.11.0.r202503091654.jar:7.11.0]
	at org.testng.internal.invokers.TestMethodWorker.invokeTestMethods(TestMethodWorker.java:154) ~[org.testng_7.11.0.r202503091654.jar:7.11.0]
	at org.testng.internal.invokers.TestMethodWorker.run(TestMethodWorker.java:134) ~[org.testng_7.11.0.r202503091654.jar:7.11.0]
	at java.base/java.util.ArrayList.forEach(ArrayList.java:1596) [?:?]
	at org.testng.TestRunner.privateRun(TestRunner.java:741) [org.testng_7.11.0.r202503091654.jar:7.11.0]
	at org.testng.TestRunner.run(TestRunner.java:616) [org.testng_7.11.0.r202503091654.jar:7.11.0]
	at org.testng.SuiteRunner.runTest(SuiteRunner.java:421) [org.testng_7.11.0.r202503091654.jar:7.11.0]
	at org.testng.SuiteRunner.runSequentially(SuiteRunner.java:413) [org.testng_7.11.0.r202503091654.jar:7.11.0]
	at org.testng.SuiteRunner.privateRun(SuiteRunner.java:373) [org.testng_7.11.0.r202503091654.jar:7.11.0]
	at org.testng.SuiteRunner.run(SuiteRunner.java:312) [org.testng_7.11.0.r202503091654.jar:7.11.0]
	at org.testng.SuiteRunnerWorker.runSuite(SuiteRunnerWorker.java:52) [org.testng_7.11.0.r202503091654.jar:7.11.0]
	at org.testng.SuiteRunnerWorker.run(SuiteRunnerWorker.java:95) [org.testng_7.11.0.r202503091654.jar:7.11.0]
	at org.testng.TestNG.runSuitesSequentially(TestNG.java:1274) [org.testng_7.11.0.r202503091654.jar:7.11.0]
	at org.testng.TestNG.runSuitesLocally(TestNG.java:1208) [org.testng_7.11.0.r202503091654.jar:7.11.0]
	at org.testng.TestNG.runSuites(TestNG.java:1112) [org.testng_7.11.0.r202503091654.jar:7.11.0]
	at org.testng.TestNG.run(TestNG.java:1079) [org.testng_7.11.0.r202503091654.jar:7.11.0]
	at org.testng.remote.AbstractRemoteTestNG.run(AbstractRemoteTestNG.java:115) [testng-remote.jar:?]
	at org.testng.remote.RemoteTestNG.initAndRun(RemoteTestNG.java:293) [testng-remote.jar:?]
	at org.testng.remote.RemoteTestNG.main(RemoteTestNG.java:91) [testng-remote.jar:?]
2025-08-15 21:18:52 [main] INFO  com.iween.testcase.TCCP_4 - Closing browser.
2025-08-15 21:18:52 [main] INFO  com.iween.testcase.TCCP_4 - Operating System: Windows
2025-08-15 21:18:52 [main] INFO  com.iween.testcase.TCCP_4 - Browser: chrome
2025-08-15 21:19:43 [main] INFO  com.iween.testcase.TCCP_4 - Browser launched and navigated to URL: https://uaev2.skytravellers.com/login
2025-08-15 21:19:43 [main] INFO  com.iween.testcase.TCCP_4 - ******** Starting TestCase1: testLogin ********
2025-08-15 21:19:43 [main] ERROR com.iween.testcase.TCCP_4 - Test failed due to: 
org.openqa.selenium.NoSuchWindowException: no such window: target window already closed
from unknown error: web view not found
  (Session info: chrome=139.0.7258.67)
Build info: version: '4.21.0', revision: '79ed462ef4'
System info: os.name: 'Windows 11', os.arch: 'amd64', os.version: '10.0', java.version: '21.0.7'
Driver info: org.openqa.selenium.chrome.ChromeDriver
Command: [5fa103cc7eed733c75c8b56060f28782, screenshot {}]
Capabilities {acceptInsecureCerts: false, browserName: chrome, browserVersion: 139.0.7258.67, chrome: {chromedriverVersion: 139.0.7258.68 (40ff94600b6e..., userDataDir: C:\Users\LENOVO\AppData\Loc...}, fedcm:accounts: true, goog:chromeOptions: {debuggerAddress: localhost:55917}, networkConnectionEnabled: false, pageLoadStrategy: normal, platformName: windows, proxy: Proxy(), se:cdp: ws://localhost:55917/devtoo..., se:cdpVersion: 139.0.7258.67, setWindowRect: true, strictFileInteractability: false, timeouts: {implicit: 0, pageLoad: 300000, script: 30000}, unhandledPromptBehavior: dismiss and notify, webauthn:extension:credBlob: true, webauthn:extension:largeBlob: true, webauthn:extension:minPinLength: true, webauthn:extension:prf: true, webauthn:virtualAuthenticators: true}
Session ID: 5fa103cc7eed733c75c8b56060f28782
	at java.base/jdk.internal.reflect.DirectConstructorHandleAccessor.newInstance(DirectConstructorHandleAccessor.java:62) ~[?:?]
	at java.base/java.lang.reflect.Constructor.newInstanceWithCaller(Constructor.java:502) ~[?:?]
	at java.base/java.lang.reflect.Constructor.newInstance(Constructor.java:486) ~[?:?]
	at org.openqa.selenium.remote.ErrorCodec.decode(ErrorCodec.java:167) ~[selenium-remote-driver-4.21.0.jar:?]
	at org.openqa.selenium.remote.codec.w3c.W3CHttpResponseCodec.decode(W3CHttpResponseCodec.java:138) ~[selenium-remote-driver-4.21.0.jar:?]
	at org.openqa.selenium.remote.codec.w3c.W3CHttpResponseCodec.decode(W3CHttpResponseCodec.java:50) ~[selenium-remote-driver-4.21.0.jar:?]
	at org.openqa.selenium.remote.HttpCommandExecutor.execute(HttpCommandExecutor.java:190) ~[selenium-remote-driver-4.21.0.jar:?]
	at org.openqa.selenium.remote.service.DriverCommandExecutor.invokeExecute(DriverCommandExecutor.java:216) ~[selenium-remote-driver-4.21.0.jar:?]
	at org.openqa.selenium.remote.service.DriverCommandExecutor.execute(DriverCommandExecutor.java:174) ~[selenium-remote-driver-4.21.0.jar:?]
	at org.openqa.selenium.remote.RemoteWebDriver.execute(RemoteWebDriver.java:518) ~[selenium-remote-driver-4.21.0.jar:?]
	at org.openqa.selenium.remote.RemoteWebDriver.execute(RemoteWebDriver.java:591) ~[selenium-remote-driver-4.21.0.jar:?]
	at org.openqa.selenium.remote.RemoteWebDriver.execute(RemoteWebDriver.java:595) ~[selenium-remote-driver-4.21.0.jar:?]
	at org.openqa.selenium.remote.RemoteWebDriver.getScreenshotAs(RemoteWebDriver.java:321) ~[selenium-remote-driver-4.21.0.jar:?]
	at com.iween.utilities.ScreenshotUtil.captureAndAttachScreenshot1(ScreenshotUtil.java:152) ~[test-classes/:?]
	at com.skytraveller.pageObjects.loginPage.validateLoginPageIsDisplayed(loginPage.java:108) ~[test-classes/:?]
	at com.iween.testcase.TCCP_4.myTest(TCCP_4.java:67) ~[test-classes/:?]
	at java.base/jdk.internal.reflect.DirectMethodHandleAccessor.invoke(DirectMethodHandleAccessor.java:103) ~[?:?]
	at java.base/java.lang.reflect.Method.invoke(Method.java:580) ~[?:?]
	at org.testng.internal.invokers.MethodInvocationHelper.invokeMethod(MethodInvocationHelper.java:141) ~[org.testng_7.11.0.r202503091654.jar:7.11.0]
	at org.testng.internal.invokers.TestInvoker.invokeMethod(TestInvoker.java:687) ~[org.testng_7.11.0.r202503091654.jar:7.11.0]
	at org.testng.internal.invokers.TestInvoker.retryFailed(TestInvoker.java:269) ~[org.testng_7.11.0.r202503091654.jar:7.11.0]
	at org.testng.internal.invokers.MethodRunner.runInSequence(MethodRunner.java:76) ~[org.testng_7.11.0.r202503091654.jar:7.11.0]
	at org.testng.internal.invokers.TestInvoker$MethodInvocationAgent.invoke(TestInvoker.java:995) ~[org.testng_7.11.0.r202503091654.jar:7.11.0]
	at org.testng.internal.invokers.TestInvoker.invokeTestMethods(TestInvoker.java:203) ~[org.testng_7.11.0.r202503091654.jar:7.11.0]
	at org.testng.internal.invokers.TestMethodWorker.invokeTestMethods(TestMethodWorker.java:154) ~[org.testng_7.11.0.r202503091654.jar:7.11.0]
	at org.testng.internal.invokers.TestMethodWorker.run(TestMethodWorker.java:134) ~[org.testng_7.11.0.r202503091654.jar:7.11.0]
	at java.base/java.util.ArrayList.forEach(ArrayList.java:1596) [?:?]
	at org.testng.TestRunner.privateRun(TestRunner.java:741) [org.testng_7.11.0.r202503091654.jar:7.11.0]
	at org.testng.TestRunner.run(TestRunner.java:616) [org.testng_7.11.0.r202503091654.jar:7.11.0]
	at org.testng.SuiteRunner.runTest(SuiteRunner.java:421) [org.testng_7.11.0.r202503091654.jar:7.11.0]
	at org.testng.SuiteRunner.runSequentially(SuiteRunner.java:413) [org.testng_7.11.0.r202503091654.jar:7.11.0]
	at org.testng.SuiteRunner.privateRun(SuiteRunner.java:373) [org.testng_7.11.0.r202503091654.jar:7.11.0]
	at org.testng.SuiteRunner.run(SuiteRunner.java:312) [org.testng_7.11.0.r202503091654.jar:7.11.0]
	at org.testng.SuiteRunnerWorker.runSuite(SuiteRunnerWorker.java:52) [org.testng_7.11.0.r202503091654.jar:7.11.0]
	at org.testng.SuiteRunnerWorker.run(SuiteRunnerWorker.java:95) [org.testng_7.11.0.r202503091654.jar:7.11.0]
	at org.testng.TestNG.runSuitesSequentially(TestNG.java:1274) [org.testng_7.11.0.r202503091654.jar:7.11.0]
	at org.testng.TestNG.runSuitesLocally(TestNG.java:1208) [org.testng_7.11.0.r202503091654.jar:7.11.0]
	at org.testng.TestNG.runSuites(TestNG.java:1112) [org.testng_7.11.0.r202503091654.jar:7.11.0]
	at org.testng.TestNG.run(TestNG.java:1079) [org.testng_7.11.0.r202503091654.jar:7.11.0]
	at org.testng.remote.AbstractRemoteTestNG.run(AbstractRemoteTestNG.java:115) [testng-remote.jar:?]
	at org.testng.remote.RemoteTestNG.initAndRun(RemoteTestNG.java:293) [testng-remote.jar:?]
	at org.testng.remote.RemoteTestNG.main(RemoteTestNG.java:91) [testng-remote.jar:?]
2025-08-15 21:19:43 [main] INFO  com.iween.testcase.TCCP_4 - Closing browser.
2025-08-15 21:20:55 [main] DEBUG org.apache.poi.openxml4j.opc.PackageRelationshipCollection - Parsing relationship: /xl/_rels/workbook.xml.rels
2025-08-15 21:20:55 [main] DEBUG org.apache.poi.openxml4j.opc.PackageRelationshipCollection - Parsing relationship: /_rels/.rels
2025-08-15 21:20:55 [main] INFO  com.iween.testcase.TCCP_4 - Operating System: Windows
2025-08-15 21:20:55 [main] INFO  com.iween.testcase.TCCP_4 - Browser: chrome
2025-08-15 21:21:51 [main] INFO  com.iween.testcase.TCCP_4 - Browser launched and navigated to URL: https://uaev2.skytravellers.com/login
2025-08-15 21:21:51 [main] INFO  com.iween.testcase.TCCP_4 - ******** Starting TestCase1: testLogin ********
2025-08-15 21:21:51 [main] ERROR com.iween.testcase.TCCP_4 - Test failed due to: 
org.openqa.selenium.NoSuchWindowException: no such window: target window already closed
from unknown error: web view not found
  (Session info: chrome=139.0.7258.67)
Build info: version: '4.21.0', revision: '79ed462ef4'
System info: os.name: 'Windows 11', os.arch: 'amd64', os.version: '10.0', java.version: '21.0.7'
Driver info: org.openqa.selenium.chrome.ChromeDriver
Command: [a5d01be5013c25f1d895e6d93ac836b7, screenshot {}]
Capabilities {acceptInsecureCerts: false, browserName: chrome, browserVersion: 139.0.7258.67, chrome: {chromedriverVersion: 139.0.7258.68 (40ff94600b6e..., userDataDir: C:\Users\LENOVO\AppData\Loc...}, fedcm:accounts: true, goog:chromeOptions: {debuggerAddress: localhost:57447}, networkConnectionEnabled: false, pageLoadStrategy: normal, platformName: windows, proxy: Proxy(), se:cdp: ws://localhost:57447/devtoo..., se:cdpVersion: 139.0.7258.67, setWindowRect: true, strictFileInteractability: false, timeouts: {implicit: 0, pageLoad: 300000, script: 30000}, unhandledPromptBehavior: dismiss and notify, webauthn:extension:credBlob: true, webauthn:extension:largeBlob: true, webauthn:extension:minPinLength: true, webauthn:extension:prf: true, webauthn:virtualAuthenticators: true}
Session ID: a5d01be5013c25f1d895e6d93ac836b7
	at java.base/jdk.internal.reflect.DirectConstructorHandleAccessor.newInstance(DirectConstructorHandleAccessor.java:62) ~[?:?]
	at java.base/java.lang.reflect.Constructor.newInstanceWithCaller(Constructor.java:502) ~[?:?]
	at java.base/java.lang.reflect.Constructor.newInstance(Constructor.java:486) ~[?:?]
	at org.openqa.selenium.remote.ErrorCodec.decode(ErrorCodec.java:167) ~[selenium-remote-driver-4.21.0.jar:?]
	at org.openqa.selenium.remote.codec.w3c.W3CHttpResponseCodec.decode(W3CHttpResponseCodec.java:138) ~[selenium-remote-driver-4.21.0.jar:?]
	at org.openqa.selenium.remote.codec.w3c.W3CHttpResponseCodec.decode(W3CHttpResponseCodec.java:50) ~[selenium-remote-driver-4.21.0.jar:?]
	at org.openqa.selenium.remote.HttpCommandExecutor.execute(HttpCommandExecutor.java:190) ~[selenium-remote-driver-4.21.0.jar:?]
	at org.openqa.selenium.remote.service.DriverCommandExecutor.invokeExecute(DriverCommandExecutor.java:216) ~[selenium-remote-driver-4.21.0.jar:?]
	at org.openqa.selenium.remote.service.DriverCommandExecutor.execute(DriverCommandExecutor.java:174) ~[selenium-remote-driver-4.21.0.jar:?]
	at org.openqa.selenium.remote.RemoteWebDriver.execute(RemoteWebDriver.java:518) ~[selenium-remote-driver-4.21.0.jar:?]
	at org.openqa.selenium.remote.RemoteWebDriver.execute(RemoteWebDriver.java:591) ~[selenium-remote-driver-4.21.0.jar:?]
	at org.openqa.selenium.remote.RemoteWebDriver.execute(RemoteWebDriver.java:595) ~[selenium-remote-driver-4.21.0.jar:?]
	at org.openqa.selenium.remote.RemoteWebDriver.getScreenshotAs(RemoteWebDriver.java:321) ~[selenium-remote-driver-4.21.0.jar:?]
	at com.iween.utilities.ScreenshotUtil.captureAndAttachScreenshot1(ScreenshotUtil.java:152) ~[test-classes/:?]
	at com.skytraveller.pageObjects.loginPage.validateLoginPageIsDisplayed(loginPage.java:108) ~[test-classes/:?]
	at com.iween.testcase.TCCP_4.myTest(TCCP_4.java:67) ~[test-classes/:?]
	at java.base/jdk.internal.reflect.DirectMethodHandleAccessor.invoke(DirectMethodHandleAccessor.java:103) ~[?:?]
	at java.base/java.lang.reflect.Method.invoke(Method.java:580) ~[?:?]
	at org.testng.internal.invokers.MethodInvocationHelper.invokeMethod(MethodInvocationHelper.java:141) ~[org.testng_7.11.0.r202503091654.jar:7.11.0]
	at org.testng.internal.invokers.TestInvoker.invokeMethod(TestInvoker.java:687) ~[org.testng_7.11.0.r202503091654.jar:7.11.0]
	at org.testng.internal.invokers.TestInvoker.invokeTestMethod(TestInvoker.java:230) ~[org.testng_7.11.0.r202503091654.jar:7.11.0]
	at org.testng.internal.invokers.MethodRunner.runInSequence(MethodRunner.java:63) ~[org.testng_7.11.0.r202503091654.jar:7.11.0]
	at org.testng.internal.invokers.TestInvoker$MethodInvocationAgent.invoke(TestInvoker.java:995) ~[org.testng_7.11.0.r202503091654.jar:7.11.0]
	at org.testng.internal.invokers.TestInvoker.invokeTestMethods(TestInvoker.java:203) ~[org.testng_7.11.0.r202503091654.jar:7.11.0]
	at org.testng.internal.invokers.TestMethodWorker.invokeTestMethods(TestMethodWorker.java:154) ~[org.testng_7.11.0.r202503091654.jar:7.11.0]
	at org.testng.internal.invokers.TestMethodWorker.run(TestMethodWorker.java:134) ~[org.testng_7.11.0.r202503091654.jar:7.11.0]
	at java.base/java.util.ArrayList.forEach(ArrayList.java:1596) [?:?]
	at org.testng.TestRunner.privateRun(TestRunner.java:741) [org.testng_7.11.0.r202503091654.jar:7.11.0]
	at org.testng.TestRunner.run(TestRunner.java:616) [org.testng_7.11.0.r202503091654.jar:7.11.0]
	at org.testng.SuiteRunner.runTest(SuiteRunner.java:421) [org.testng_7.11.0.r202503091654.jar:7.11.0]
	at org.testng.SuiteRunner.runSequentially(SuiteRunner.java:413) [org.testng_7.11.0.r202503091654.jar:7.11.0]
	at org.testng.SuiteRunner.privateRun(SuiteRunner.java:373) [org.testng_7.11.0.r202503091654.jar:7.11.0]
	at org.testng.SuiteRunner.run(SuiteRunner.java:312) [org.testng_7.11.0.r202503091654.jar:7.11.0]
	at org.testng.SuiteRunnerWorker.runSuite(SuiteRunnerWorker.java:52) [org.testng_7.11.0.r202503091654.jar:7.11.0]
	at org.testng.SuiteRunnerWorker.run(SuiteRunnerWorker.java:95) [org.testng_7.11.0.r202503091654.jar:7.11.0]
	at org.testng.TestNG.runSuitesSequentially(TestNG.java:1274) [org.testng_7.11.0.r202503091654.jar:7.11.0]
	at org.testng.TestNG.runSuitesLocally(TestNG.java:1208) [org.testng_7.11.0.r202503091654.jar:7.11.0]
	at org.testng.TestNG.runSuites(TestNG.java:1112) [org.testng_7.11.0.r202503091654.jar:7.11.0]
	at org.testng.TestNG.run(TestNG.java:1079) [org.testng_7.11.0.r202503091654.jar:7.11.0]
	at org.testng.remote.AbstractRemoteTestNG.run(AbstractRemoteTestNG.java:115) [testng-remote.jar:?]
	at org.testng.remote.RemoteTestNG.initAndRun(RemoteTestNG.java:293) [testng-remote.jar:?]
	at org.testng.remote.RemoteTestNG.main(RemoteTestNG.java:91) [testng-remote.jar:?]
2025-08-15 21:21:51 [main] INFO  com.iween.testcase.TCCP_4 - Closing browser.
2025-08-15 21:21:51 [main] INFO  com.iween.testcase.TCCP_4 - Operating System: Windows
2025-08-15 21:21:51 [main] INFO  com.iween.testcase.TCCP_4 - Browser: chrome
2025-08-15 21:22:24 [main] INFO  com.iween.testcase.TCCP_4 - Browser launched and navigated to URL: https://uaev2.skytravellers.com/login
2025-08-15 21:22:24 [main] INFO  com.iween.testcase.TCCP_4 - ******** Starting TestCase1: testLogin ********
2025-08-15 21:25:47 [main] INFO  com.iween.testcase.TCCP_4 - ******** TestCase1: testLogin completed successfully ********
2025-08-16 17:26:33 [main] DEBUG org.apache.poi.openxml4j.opc.PackageRelationshipCollection - Parsing relationship: /xl/_rels/workbook.xml.rels
2025-08-16 17:26:33 [main] DEBUG org.apache.poi.openxml4j.opc.PackageRelationshipCollection - Parsing relationship: /_rels/.rels
2025-08-16 17:26:33 [main] INFO  com.iween.testcase.TCCP_1 - Operating System: Windows
2025-08-16 17:26:33 [main] INFO  com.iween.testcase.TCCP_1 - Browser: chrome
2025-08-16 17:26:45 [main] INFO  com.iween.testcase.TCCP_1 - Browser launched and navigated to URL: https://uaev2.skytravellers.com/login
2025-08-16 17:26:45 [main] INFO  com.iween.testcase.TCCP_1 - ******** Starting TestCase1: testLogin ********
2025-08-16 17:27:23 [main] INFO  com.iween.testcase.TCCP_1 - ******** TestCase1: testLogin completed successfully ********
2025-08-16 17:27:23 [main] INFO  com.iween.testcase.TCCP_1 - Closing browser.
