<html>
<head>
<title>TestNG:   onway Tests</title>
<link href="../testng.css" rel="stylesheet" type="text/css" />
<link href="../my-testng.css" rel="stylesheet" type="text/css" />

<style type="text/css">
.log { display: none;} 
.stack-trace { display: none;} 
</style>
<script type="text/javascript">
<!--
function flip(e) {
  current = e.style.display;
  if (current == 'block') {
    e.style.display = 'none';
    return 0;
  }
  else {
    e.style.display = 'block';
    return 1;
  }
}

function toggleBox(szDivId, elem, msg1, msg2)
{
  var res = -1;  if (document.getElementById) {
    res = flip(document.getElementById(szDivId));
  }
  else if (document.all) {
    // this is the way old msie versions work
    res = flip(document.all[szDivId]);
  }
  if(elem) {
    if(res == 0) elem.innerHTML = msg1; else elem.innerHTML = msg2;
  }

}

function toggleAllBoxes() {
  if (document.getElementsByTagName) {
    d = document.getElementsByTagName('div');
    for (i = 0; i < d.length; i++) {
      if (d[i].className == 'log') {
        flip(d[i]);
      }
    }
  }
}

// -->
</script>

</head>
<body>
<h2 align='center'> onway Tests</h2><table border='1' align="center">
<tr>
<td>Tests passed/Failed/Skipped:</td><td>18/9/0</td>
</tr><tr>
<td>Started on:</td><td>Mon Aug 25 17:34:04 IST 2025</td>
</tr>
<tr><td>Total time:</td><td>4414 seconds (4414254 ms)</td>
</tr><tr>
<td>Included groups:</td><td></td>
</tr><tr>
<td>Excluded groups:</td><td></td>
</tr>
</table><p/>
<small><i>(Hover the method name to see the test class name)</i></small><p/>
<table width='100%' border='1' class='invocation-failed'>
<tr><td colspan='4' align='center'><b>FAILED TESTS</b></td></tr>
<tr><td><b>Test method</b></td>
<td><b>Attribute(s)</b></td>
<td width="30%"><b>Exception</b></td>
<td width="10%"><b>Time (seconds)</b></td>
<td><b>Instance</b></td>
</tr>
<tr>
<td title='com.iween.testcase.TCCP_11.myTest()'><b>myTest</b><br>Test class: com.iween.testcase.TCCP_11<br>Parameters: {Going To=FRA, AdultsCounts=1, InfantsCount=0, TravelClass=Economy, FlightCardBasedOnIndex=1, Suppiler=emirates, SKIP=, Depart From=DXB, ChildrenCount=0}</td>
<td><div><pre>java.lang.AssertionError: null
	at com.skytraveller.pageObjects.ResultPage.validateResultPage1(ResultPage.java:154)
	at com.iween.testcase.TCCP_11.myTest(TCCP_11.java:142)
	at java.base/java.util.ArrayList.forEach(ArrayList.java:1596)
... Removed 27 stack frames</pre></div><a href='#' onClick='toggleBox("stack-trace818657899", this, "Click to show all stack frames", "Click to hide stack frames")'>Click to show all stack frames</a>
<div class='stack-trace' id='stack-trace818657899'><pre>java.lang.AssertionError: null
	at org.testng.Assert.fail(Assert.java:111)
	at org.testng.Assert.fail(Assert.java:116)
	at com.skytraveller.pageObjects.ResultPage.validateResultPage1(ResultPage.java:154)
	at com.iween.testcase.TCCP_11.myTest(TCCP_11.java:142)
	at java.base/jdk.internal.reflect.DirectMethodHandleAccessor.invoke(DirectMethodHandleAccessor.java:103)
	at java.base/java.lang.reflect.Method.invoke(Method.java:580)
	at org.testng.internal.invokers.MethodInvocationHelper.invokeMethod(MethodInvocationHelper.java:141)
	at org.testng.internal.invokers.TestInvoker.invokeMethod(TestInvoker.java:687)
	at org.testng.internal.invokers.TestInvoker.invokeTestMethod(TestInvoker.java:230)
	at org.testng.internal.invokers.MethodRunner.runInSequence(MethodRunner.java:63)
	at org.testng.internal.invokers.TestInvoker$MethodInvocationAgent.invoke(TestInvoker.java:995)
	at org.testng.internal.invokers.TestInvoker.invokeTestMethods(TestInvoker.java:203)
	at org.testng.internal.invokers.TestMethodWorker.invokeTestMethods(TestMethodWorker.java:154)
	at org.testng.internal.invokers.TestMethodWorker.run(TestMethodWorker.java:134)
	at java.base/java.util.ArrayList.forEach(ArrayList.java:1596)
	at org.testng.TestRunner.privateRun(TestRunner.java:741)
	at org.testng.TestRunner.run(TestRunner.java:616)
	at org.testng.SuiteRunner.runTest(SuiteRunner.java:421)
	at org.testng.SuiteRunner.runSequentially(SuiteRunner.java:413)
	at org.testng.SuiteRunner.privateRun(SuiteRunner.java:373)
	at org.testng.SuiteRunner.run(SuiteRunner.java:312)
	at org.testng.SuiteRunnerWorker.runSuite(SuiteRunnerWorker.java:52)
	at org.testng.SuiteRunnerWorker.run(SuiteRunnerWorker.java:95)
	at org.testng.TestNG.runSuitesSequentially(TestNG.java:1274)
	at org.testng.TestNG.runSuitesLocally(TestNG.java:1208)
	at org.testng.TestNG.runSuites(TestNG.java:1112)
	at org.testng.TestNG.run(TestNG.java:1079)
	at org.testng.remote.AbstractRemoteTestNG.run(AbstractRemoteTestNG.java:115)
	at org.testng.remote.RemoteTestNG.initAndRun(RemoteTestNG.java:293)
	at org.testng.remote.RemoteTestNG.main(RemoteTestNG.java:91)
</pre></div></td>
<td>149</td>
<td>com.iween.testcase.TCCP_11@7d7758be</td></tr>
<tr>
<td title='com.iween.testcase.TCCP_11.myTest()'><b>myTest</b><br>Test class: com.iween.testcase.TCCP_11<br>Parameters: {Going To=KHT, AdultsCounts=1, InfantsCount=0, TravelClass=Economy, FlightCardBasedOnIndex=1, Suppiler=kamair, SKIP=, Depart From=DXB, ChildrenCount=0}</td>
<td><div><pre>java.lang.AssertionError: null
	at com.skytraveller.pageObjects.ResultPage.validateResultPage1(ResultPage.java:147)
	at com.iween.testcase.TCCP_11.myTest(TCCP_11.java:142)
	at java.base/java.util.ArrayList.forEach(ArrayList.java:1596)
... Removed 27 stack frames</pre></div><a href='#' onClick='toggleBox("stack-trace425218635", this, "Click to show all stack frames", "Click to hide stack frames")'>Click to show all stack frames</a>
<div class='stack-trace' id='stack-trace425218635'><pre>java.lang.AssertionError: null
	at org.testng.Assert.fail(Assert.java:111)
	at org.testng.Assert.fail(Assert.java:116)
	at com.skytraveller.pageObjects.ResultPage.validateResultPage1(ResultPage.java:147)
	at com.iween.testcase.TCCP_11.myTest(TCCP_11.java:142)
	at java.base/jdk.internal.reflect.DirectMethodHandleAccessor.invoke(DirectMethodHandleAccessor.java:103)
	at java.base/java.lang.reflect.Method.invoke(Method.java:580)
	at org.testng.internal.invokers.MethodInvocationHelper.invokeMethod(MethodInvocationHelper.java:141)
	at org.testng.internal.invokers.TestInvoker.invokeMethod(TestInvoker.java:687)
	at org.testng.internal.invokers.TestInvoker.invokeTestMethod(TestInvoker.java:230)
	at org.testng.internal.invokers.MethodRunner.runInSequence(MethodRunner.java:63)
	at org.testng.internal.invokers.TestInvoker$MethodInvocationAgent.invoke(TestInvoker.java:995)
	at org.testng.internal.invokers.TestInvoker.invokeTestMethods(TestInvoker.java:203)
	at org.testng.internal.invokers.TestMethodWorker.invokeTestMethods(TestMethodWorker.java:154)
	at org.testng.internal.invokers.TestMethodWorker.run(TestMethodWorker.java:134)
	at java.base/java.util.ArrayList.forEach(ArrayList.java:1596)
	at org.testng.TestRunner.privateRun(TestRunner.java:741)
	at org.testng.TestRunner.run(TestRunner.java:616)
	at org.testng.SuiteRunner.runTest(SuiteRunner.java:421)
	at org.testng.SuiteRunner.runSequentially(SuiteRunner.java:413)
	at org.testng.SuiteRunner.privateRun(SuiteRunner.java:373)
	at org.testng.SuiteRunner.run(SuiteRunner.java:312)
	at org.testng.SuiteRunnerWorker.runSuite(SuiteRunnerWorker.java:52)
	at org.testng.SuiteRunnerWorker.run(SuiteRunnerWorker.java:95)
	at org.testng.TestNG.runSuitesSequentially(TestNG.java:1274)
	at org.testng.TestNG.runSuitesLocally(TestNG.java:1208)
	at org.testng.TestNG.runSuites(TestNG.java:1112)
	at org.testng.TestNG.run(TestNG.java:1079)
	at org.testng.remote.AbstractRemoteTestNG.run(AbstractRemoteTestNG.java:115)
	at org.testng.remote.RemoteTestNG.initAndRun(RemoteTestNG.java:293)
	at org.testng.remote.RemoteTestNG.main(RemoteTestNG.java:91)
</pre></div></td>
<td>124</td>
<td>com.iween.testcase.TCCP_11@7d7758be</td></tr>
<tr>
<td title='com.iween.testcase.TCCP_11.myTest()'><b>myTest</b><br>Test class: com.iween.testcase.TCCP_11<br>Parameters: {Going To=DXB, AdultsCounts=1, InfantsCount=0, TravelClass=Economy, FlightCardBasedOnIndex=1, Suppiler=amadeus, SKIP=, Depart From=BOM, ChildrenCount=0}</td>
<td><div><pre>java.lang.AssertionError: Flight details content mismatch. Check ExtentReport for full comparison.
	at com.skytraveller.pageObjects.BookingPage.validateFlightDetailsContentMatch(BookingPage.java:2243)
	at com.iween.testcase.TCCP_11.myTest(TCCP_11.java:236)
	at java.base/java.util.ArrayList.forEach(ArrayList.java:1596)
... Removed 26 stack frames</pre></div><a href='#' onClick='toggleBox("stack-trace1805675363", this, "Click to show all stack frames", "Click to hide stack frames")'>Click to show all stack frames</a>
<div class='stack-trace' id='stack-trace1805675363'><pre>java.lang.AssertionError: Flight details content mismatch. Check ExtentReport for full comparison.
	at org.testng.Assert.fail(Assert.java:111)
	at com.skytraveller.pageObjects.BookingPage.validateFlightDetailsContentMatch(BookingPage.java:2243)
	at com.iween.testcase.TCCP_11.myTest(TCCP_11.java:236)
	at java.base/jdk.internal.reflect.DirectMethodHandleAccessor.invoke(DirectMethodHandleAccessor.java:103)
	at java.base/java.lang.reflect.Method.invoke(Method.java:580)
	at org.testng.internal.invokers.MethodInvocationHelper.invokeMethod(MethodInvocationHelper.java:141)
	at org.testng.internal.invokers.TestInvoker.invokeMethod(TestInvoker.java:687)
	at org.testng.internal.invokers.TestInvoker.invokeTestMethod(TestInvoker.java:230)
	at org.testng.internal.invokers.MethodRunner.runInSequence(MethodRunner.java:63)
	at org.testng.internal.invokers.TestInvoker$MethodInvocationAgent.invoke(TestInvoker.java:995)
	at org.testng.internal.invokers.TestInvoker.invokeTestMethods(TestInvoker.java:203)
	at org.testng.internal.invokers.TestMethodWorker.invokeTestMethods(TestMethodWorker.java:154)
	at org.testng.internal.invokers.TestMethodWorker.run(TestMethodWorker.java:134)
	at java.base/java.util.ArrayList.forEach(ArrayList.java:1596)
	at org.testng.TestRunner.privateRun(TestRunner.java:741)
	at org.testng.TestRunner.run(TestRunner.java:616)
	at org.testng.SuiteRunner.runTest(SuiteRunner.java:421)
	at org.testng.SuiteRunner.runSequentially(SuiteRunner.java:413)
	at org.testng.SuiteRunner.privateRun(SuiteRunner.java:373)
	at org.testng.SuiteRunner.run(SuiteRunner.java:312)
	at org.testng.SuiteRunnerWorker.runSuite(SuiteRunnerWorker.java:52)
	at org.testng.SuiteRunnerWorker.run(SuiteRunnerWorker.java:95)
	at org.testng.TestNG.runSuitesSequentially(TestNG.java:1274)
	at org.testng.TestNG.runSuitesLocally(TestNG.java:1208)
	at org.testng.TestNG.runSuites(TestNG.java:1112)
	at org.testng.TestNG.run(TestNG.java:1079)
	at org.testng.remote.AbstractRemoteTestNG.run(AbstractRemoteTestNG.java:115)
	at org.testng.remote.RemoteTestNG.initAndRun(RemoteTestNG.java:293)
	at org.testng.remote.RemoteTestNG.main(RemoteTestNG.java:91)
</pre></div></td>
<td>176</td>
<td>com.iween.testcase.TCCP_11@7d7758be</td></tr>
<tr>
<td title='com.iween.testcase.TCCP_11.myTest()'><b>myTest</b><br>Test class: com.iween.testcase.TCCP_11<br>Parameters: {Going To=IST, AdultsCounts=1, InfantsCount=0, TravelClass=Economy, FlightCardBasedOnIndex=1, Suppiler=amadeus, SKIP=, Depart From=AUH, ChildrenCount=0}</td>
<td><div><pre>java.lang.AssertionError: Flight details mismatch. See ExtentReport for breakdown.
	at com.skytraveller.pageObjects.FlightDetails.validateFlightCardAndFlightDetails(FlightDetails.java:641)
	at com.iween.testcase.TCCP_11.myTest(TCCP_11.java:217)
	at java.base/java.util.ArrayList.forEach(ArrayList.java:1596)
... Removed 26 stack frames</pre></div><a href='#' onClick='toggleBox("stack-trace1548567534", this, "Click to show all stack frames", "Click to hide stack frames")'>Click to show all stack frames</a>
<div class='stack-trace' id='stack-trace1548567534'><pre>java.lang.AssertionError: Flight details mismatch. See ExtentReport for breakdown.
	at org.testng.Assert.fail(Assert.java:111)
	at com.skytraveller.pageObjects.FlightDetails.validateFlightCardAndFlightDetails(FlightDetails.java:641)
	at com.iween.testcase.TCCP_11.myTest(TCCP_11.java:217)
	at java.base/jdk.internal.reflect.DirectMethodHandleAccessor.invoke(DirectMethodHandleAccessor.java:103)
	at java.base/java.lang.reflect.Method.invoke(Method.java:580)
	at org.testng.internal.invokers.MethodInvocationHelper.invokeMethod(MethodInvocationHelper.java:141)
	at org.testng.internal.invokers.TestInvoker.invokeMethod(TestInvoker.java:687)
	at org.testng.internal.invokers.TestInvoker.invokeTestMethod(TestInvoker.java:230)
	at org.testng.internal.invokers.MethodRunner.runInSequence(MethodRunner.java:63)
	at org.testng.internal.invokers.TestInvoker$MethodInvocationAgent.invoke(TestInvoker.java:995)
	at org.testng.internal.invokers.TestInvoker.invokeTestMethods(TestInvoker.java:203)
	at org.testng.internal.invokers.TestMethodWorker.invokeTestMethods(TestMethodWorker.java:154)
	at org.testng.internal.invokers.TestMethodWorker.run(TestMethodWorker.java:134)
	at java.base/java.util.ArrayList.forEach(ArrayList.java:1596)
	at org.testng.TestRunner.privateRun(TestRunner.java:741)
	at org.testng.TestRunner.run(TestRunner.java:616)
	at org.testng.SuiteRunner.runTest(SuiteRunner.java:421)
	at org.testng.SuiteRunner.runSequentially(SuiteRunner.java:413)
	at org.testng.SuiteRunner.privateRun(SuiteRunner.java:373)
	at org.testng.SuiteRunner.run(SuiteRunner.java:312)
	at org.testng.SuiteRunnerWorker.runSuite(SuiteRunnerWorker.java:52)
	at org.testng.SuiteRunnerWorker.run(SuiteRunnerWorker.java:95)
	at org.testng.TestNG.runSuitesSequentially(TestNG.java:1274)
	at org.testng.TestNG.runSuitesLocally(TestNG.java:1208)
	at org.testng.TestNG.runSuites(TestNG.java:1112)
	at org.testng.TestNG.run(TestNG.java:1079)
	at org.testng.remote.AbstractRemoteTestNG.run(AbstractRemoteTestNG.java:115)
	at org.testng.remote.RemoteTestNG.initAndRun(RemoteTestNG.java:293)
	at org.testng.remote.RemoteTestNG.main(RemoteTestNG.java:91)
</pre></div></td>
<td>72</td>
<td>com.iween.testcase.TCCP_11@7d7758be</td></tr>
<tr>
<td title='com.iween.testcase.TCCP_11.myTest()'><b>myTest</b><br>Test class: com.iween.testcase.TCCP_11<br>Parameters: {Going To=KBL, AdultsCounts=1, InfantsCount=0, TravelClass=Economy, FlightCardBasedOnIndex=1, Suppiler=flydubai, SKIP=, Depart From=DXB, ChildrenCount=0}</td>
<td><div><pre>java.lang.AssertionError: Flight details mismatch. See ExtentReport for breakdown.
	at com.skytraveller.pageObjects.FlightDetails.validateFlightCardAndFlightDetails(FlightDetails.java:641)
	at com.iween.testcase.TCCP_11.myTest(TCCP_11.java:217)
	at java.base/java.util.ArrayList.forEach(ArrayList.java:1596)
... Removed 26 stack frames</pre></div><a href='#' onClick='toggleBox("stack-trace96856749", this, "Click to show all stack frames", "Click to hide stack frames")'>Click to show all stack frames</a>
<div class='stack-trace' id='stack-trace96856749'><pre>java.lang.AssertionError: Flight details mismatch. See ExtentReport for breakdown.
	at org.testng.Assert.fail(Assert.java:111)
	at com.skytraveller.pageObjects.FlightDetails.validateFlightCardAndFlightDetails(FlightDetails.java:641)
	at com.iween.testcase.TCCP_11.myTest(TCCP_11.java:217)
	at java.base/jdk.internal.reflect.DirectMethodHandleAccessor.invoke(DirectMethodHandleAccessor.java:103)
	at java.base/java.lang.reflect.Method.invoke(Method.java:580)
	at org.testng.internal.invokers.MethodInvocationHelper.invokeMethod(MethodInvocationHelper.java:141)
	at org.testng.internal.invokers.TestInvoker.invokeMethod(TestInvoker.java:687)
	at org.testng.internal.invokers.TestInvoker.invokeTestMethod(TestInvoker.java:230)
	at org.testng.internal.invokers.MethodRunner.runInSequence(MethodRunner.java:63)
	at org.testng.internal.invokers.TestInvoker$MethodInvocationAgent.invoke(TestInvoker.java:995)
	at org.testng.internal.invokers.TestInvoker.invokeTestMethods(TestInvoker.java:203)
	at org.testng.internal.invokers.TestMethodWorker.invokeTestMethods(TestMethodWorker.java:154)
	at org.testng.internal.invokers.TestMethodWorker.run(TestMethodWorker.java:134)
	at java.base/java.util.ArrayList.forEach(ArrayList.java:1596)
	at org.testng.TestRunner.privateRun(TestRunner.java:741)
	at org.testng.TestRunner.run(TestRunner.java:616)
	at org.testng.SuiteRunner.runTest(SuiteRunner.java:421)
	at org.testng.SuiteRunner.runSequentially(SuiteRunner.java:413)
	at org.testng.SuiteRunner.privateRun(SuiteRunner.java:373)
	at org.testng.SuiteRunner.run(SuiteRunner.java:312)
	at org.testng.SuiteRunnerWorker.runSuite(SuiteRunnerWorker.java:52)
	at org.testng.SuiteRunnerWorker.run(SuiteRunnerWorker.java:95)
	at org.testng.TestNG.runSuitesSequentially(TestNG.java:1274)
	at org.testng.TestNG.runSuitesLocally(TestNG.java:1208)
	at org.testng.TestNG.runSuites(TestNG.java:1112)
	at org.testng.TestNG.run(TestNG.java:1079)
	at org.testng.remote.AbstractRemoteTestNG.run(AbstractRemoteTestNG.java:115)
	at org.testng.remote.RemoteTestNG.initAndRun(RemoteTestNG.java:293)
	at org.testng.remote.RemoteTestNG.main(RemoteTestNG.java:91)
</pre></div></td>
<td>87</td>
<td>com.iween.testcase.TCCP_11@7d7758be</td></tr>
<tr>
<td title='com.iween.testcase.TCCP_11.myTest()'><b>myTest</b><br>Test class: com.iween.testcase.TCCP_11<br>Parameters: {Going To=DXB, AdultsCounts=1, InfantsCount=0, TravelClass=Economy, FlightCardBasedOnIndex=1, Suppiler=flydubai, SKIP=, Depart From=KBL, ChildrenCount=0}</td>
<td><div><pre>java.lang.AssertionError: Flight details mismatch. See ExtentReport for breakdown.
	at com.skytraveller.pageObjects.FlightDetails.validateFlightCardAndFlightDetails(FlightDetails.java:641)
	at com.iween.testcase.TCCP_11.myTest(TCCP_11.java:217)
	at java.base/java.util.ArrayList.forEach(ArrayList.java:1596)
... Removed 26 stack frames</pre></div><a href='#' onClick='toggleBox("stack-trace29533017", this, "Click to show all stack frames", "Click to hide stack frames")'>Click to show all stack frames</a>
<div class='stack-trace' id='stack-trace29533017'><pre>java.lang.AssertionError: Flight details mismatch. See ExtentReport for breakdown.
	at org.testng.Assert.fail(Assert.java:111)
	at com.skytraveller.pageObjects.FlightDetails.validateFlightCardAndFlightDetails(FlightDetails.java:641)
	at com.iween.testcase.TCCP_11.myTest(TCCP_11.java:217)
	at java.base/jdk.internal.reflect.DirectMethodHandleAccessor.invoke(DirectMethodHandleAccessor.java:103)
	at java.base/java.lang.reflect.Method.invoke(Method.java:580)
	at org.testng.internal.invokers.MethodInvocationHelper.invokeMethod(MethodInvocationHelper.java:141)
	at org.testng.internal.invokers.TestInvoker.invokeMethod(TestInvoker.java:687)
	at org.testng.internal.invokers.TestInvoker.invokeTestMethod(TestInvoker.java:230)
	at org.testng.internal.invokers.MethodRunner.runInSequence(MethodRunner.java:63)
	at org.testng.internal.invokers.TestInvoker$MethodInvocationAgent.invoke(TestInvoker.java:995)
	at org.testng.internal.invokers.TestInvoker.invokeTestMethods(TestInvoker.java:203)
	at org.testng.internal.invokers.TestMethodWorker.invokeTestMethods(TestMethodWorker.java:154)
	at org.testng.internal.invokers.TestMethodWorker.run(TestMethodWorker.java:134)
	at java.base/java.util.ArrayList.forEach(ArrayList.java:1596)
	at org.testng.TestRunner.privateRun(TestRunner.java:741)
	at org.testng.TestRunner.run(TestRunner.java:616)
	at org.testng.SuiteRunner.runTest(SuiteRunner.java:421)
	at org.testng.SuiteRunner.runSequentially(SuiteRunner.java:413)
	at org.testng.SuiteRunner.privateRun(SuiteRunner.java:373)
	at org.testng.SuiteRunner.run(SuiteRunner.java:312)
	at org.testng.SuiteRunnerWorker.runSuite(SuiteRunnerWorker.java:52)
	at org.testng.SuiteRunnerWorker.run(SuiteRunnerWorker.java:95)
	at org.testng.TestNG.runSuitesSequentially(TestNG.java:1274)
	at org.testng.TestNG.runSuitesLocally(TestNG.java:1208)
	at org.testng.TestNG.runSuites(TestNG.java:1112)
	at org.testng.TestNG.run(TestNG.java:1079)
	at org.testng.remote.AbstractRemoteTestNG.run(AbstractRemoteTestNG.java:115)
	at org.testng.remote.RemoteTestNG.initAndRun(RemoteTestNG.java:293)
	at org.testng.remote.RemoteTestNG.main(RemoteTestNG.java:91)
</pre></div></td>
<td>88</td>
<td>com.iween.testcase.TCCP_11@7d7758be</td></tr>
<tr>
<td title='com.iween.testcase.TCCP_11.myTest()'><b>myTest</b><br>Test class: com.iween.testcase.TCCP_11<br>Parameters: {Going To=DXB, AdultsCounts=1, InfantsCount=0, TravelClass=Economy, FlightCardBasedOnIndex=1, Suppiler=amadeus, SKIP=, Depart From=SIN, ChildrenCount=0}</td>
<td><div><pre>java.lang.AssertionError: Flight details content mismatch. Check ExtentReport for full comparison.
	at com.skytraveller.pageObjects.BookingPage.validateFlightDetailsContentMatch(BookingPage.java:2243)
	at com.iween.testcase.TCCP_11.myTest(TCCP_11.java:236)
	at java.base/java.util.ArrayList.forEach(ArrayList.java:1596)
... Removed 26 stack frames</pre></div><a href='#' onClick='toggleBox("stack-trace1372404560", this, "Click to show all stack frames", "Click to hide stack frames")'>Click to show all stack frames</a>
<div class='stack-trace' id='stack-trace1372404560'><pre>java.lang.AssertionError: Flight details content mismatch. Check ExtentReport for full comparison.
	at org.testng.Assert.fail(Assert.java:111)
	at com.skytraveller.pageObjects.BookingPage.validateFlightDetailsContentMatch(BookingPage.java:2243)
	at com.iween.testcase.TCCP_11.myTest(TCCP_11.java:236)
	at java.base/jdk.internal.reflect.DirectMethodHandleAccessor.invoke(DirectMethodHandleAccessor.java:103)
	at java.base/java.lang.reflect.Method.invoke(Method.java:580)
	at org.testng.internal.invokers.MethodInvocationHelper.invokeMethod(MethodInvocationHelper.java:141)
	at org.testng.internal.invokers.TestInvoker.invokeMethod(TestInvoker.java:687)
	at org.testng.internal.invokers.TestInvoker.invokeTestMethod(TestInvoker.java:230)
	at org.testng.internal.invokers.MethodRunner.runInSequence(MethodRunner.java:63)
	at org.testng.internal.invokers.TestInvoker$MethodInvocationAgent.invoke(TestInvoker.java:995)
	at org.testng.internal.invokers.TestInvoker.invokeTestMethods(TestInvoker.java:203)
	at org.testng.internal.invokers.TestMethodWorker.invokeTestMethods(TestMethodWorker.java:154)
	at org.testng.internal.invokers.TestMethodWorker.run(TestMethodWorker.java:134)
	at java.base/java.util.ArrayList.forEach(ArrayList.java:1596)
	at org.testng.TestRunner.privateRun(TestRunner.java:741)
	at org.testng.TestRunner.run(TestRunner.java:616)
	at org.testng.SuiteRunner.runTest(SuiteRunner.java:421)
	at org.testng.SuiteRunner.runSequentially(SuiteRunner.java:413)
	at org.testng.SuiteRunner.privateRun(SuiteRunner.java:373)
	at org.testng.SuiteRunner.run(SuiteRunner.java:312)
	at org.testng.SuiteRunnerWorker.runSuite(SuiteRunnerWorker.java:52)
	at org.testng.SuiteRunnerWorker.run(SuiteRunnerWorker.java:95)
	at org.testng.TestNG.runSuitesSequentially(TestNG.java:1274)
	at org.testng.TestNG.runSuitesLocally(TestNG.java:1208)
	at org.testng.TestNG.runSuites(TestNG.java:1112)
	at org.testng.TestNG.run(TestNG.java:1079)
	at org.testng.remote.AbstractRemoteTestNG.run(AbstractRemoteTestNG.java:115)
	at org.testng.remote.RemoteTestNG.initAndRun(RemoteTestNG.java:293)
	at org.testng.remote.RemoteTestNG.main(RemoteTestNG.java:91)
</pre></div></td>
<td>209</td>
<td>com.iween.testcase.TCCP_11@7d7758be</td></tr>
<tr>
<td title='com.iween.testcase.TCCP_11.myTest()'><b>myTest</b><br>Test class: com.iween.testcase.TCCP_11<br>Parameters: {Going To=DOH, AdultsCounts=1, InfantsCount=0, TravelClass=Economy, FlightCardBasedOnIndex=1, Suppiler=amadeus, SKIP=, Depart From=IST, ChildrenCount=0}</td>
<td><div><pre>java.lang.AssertionError: Flight details content mismatch. Check ExtentReport for full comparison.
	at com.skytraveller.pageObjects.BookingPage.validateFlightDetailsContentMatch(BookingPage.java:2243)
	at com.iween.testcase.TCCP_11.myTest(TCCP_11.java:236)
	at java.base/java.util.ArrayList.forEach(ArrayList.java:1596)
... Removed 26 stack frames</pre></div><a href='#' onClick='toggleBox("stack-trace221285550", this, "Click to show all stack frames", "Click to hide stack frames")'>Click to show all stack frames</a>
<div class='stack-trace' id='stack-trace221285550'><pre>java.lang.AssertionError: Flight details content mismatch. Check ExtentReport for full comparison.
	at org.testng.Assert.fail(Assert.java:111)
	at com.skytraveller.pageObjects.BookingPage.validateFlightDetailsContentMatch(BookingPage.java:2243)
	at com.iween.testcase.TCCP_11.myTest(TCCP_11.java:236)
	at java.base/jdk.internal.reflect.DirectMethodHandleAccessor.invoke(DirectMethodHandleAccessor.java:103)
	at java.base/java.lang.reflect.Method.invoke(Method.java:580)
	at org.testng.internal.invokers.MethodInvocationHelper.invokeMethod(MethodInvocationHelper.java:141)
	at org.testng.internal.invokers.TestInvoker.invokeMethod(TestInvoker.java:687)
	at org.testng.internal.invokers.TestInvoker.invokeTestMethod(TestInvoker.java:230)
	at org.testng.internal.invokers.MethodRunner.runInSequence(MethodRunner.java:63)
	at org.testng.internal.invokers.TestInvoker$MethodInvocationAgent.invoke(TestInvoker.java:995)
	at org.testng.internal.invokers.TestInvoker.invokeTestMethods(TestInvoker.java:203)
	at org.testng.internal.invokers.TestMethodWorker.invokeTestMethods(TestMethodWorker.java:154)
	at org.testng.internal.invokers.TestMethodWorker.run(TestMethodWorker.java:134)
	at java.base/java.util.ArrayList.forEach(ArrayList.java:1596)
	at org.testng.TestRunner.privateRun(TestRunner.java:741)
	at org.testng.TestRunner.run(TestRunner.java:616)
	at org.testng.SuiteRunner.runTest(SuiteRunner.java:421)
	at org.testng.SuiteRunner.runSequentially(SuiteRunner.java:413)
	at org.testng.SuiteRunner.privateRun(SuiteRunner.java:373)
	at org.testng.SuiteRunner.run(SuiteRunner.java:312)
	at org.testng.SuiteRunnerWorker.runSuite(SuiteRunnerWorker.java:52)
	at org.testng.SuiteRunnerWorker.run(SuiteRunnerWorker.java:95)
	at org.testng.TestNG.runSuitesSequentially(TestNG.java:1274)
	at org.testng.TestNG.runSuitesLocally(TestNG.java:1208)
	at org.testng.TestNG.runSuites(TestNG.java:1112)
	at org.testng.TestNG.run(TestNG.java:1079)
	at org.testng.remote.AbstractRemoteTestNG.run(AbstractRemoteTestNG.java:115)
	at org.testng.remote.RemoteTestNG.initAndRun(RemoteTestNG.java:293)
	at org.testng.remote.RemoteTestNG.main(RemoteTestNG.java:91)
</pre></div></td>
<td>129</td>
<td>com.iween.testcase.TCCP_11@7d7758be</td></tr>
<tr>
<td title='com.iween.testcase.TCCP_11.myTest()'><b>myTest</b><br>Test class: com.iween.testcase.TCCP_11<br>Parameters: {Going To=DXB, AdultsCounts=1, InfantsCount=0, TravelClass=Economy, FlightCardBasedOnIndex=1, Suppiler=kamair, SKIP=, Depart From=KDH, ChildrenCount=0}</td>
<td><div><pre>java.lang.AssertionError: null
	at com.skytraveller.pageObjects.ResultPage.validateResultPage1(ResultPage.java:147)
	at com.iween.testcase.TCCP_11.myTest(TCCP_11.java:142)
	at java.base/java.util.ArrayList.forEach(ArrayList.java:1596)
... Removed 27 stack frames</pre></div><a href='#' onClick='toggleBox("stack-trace1943587031", this, "Click to show all stack frames", "Click to hide stack frames")'>Click to show all stack frames</a>
<div class='stack-trace' id='stack-trace1943587031'><pre>java.lang.AssertionError: null
	at org.testng.Assert.fail(Assert.java:111)
	at org.testng.Assert.fail(Assert.java:116)
	at com.skytraveller.pageObjects.ResultPage.validateResultPage1(ResultPage.java:147)
	at com.iween.testcase.TCCP_11.myTest(TCCP_11.java:142)
	at java.base/jdk.internal.reflect.DirectMethodHandleAccessor.invoke(DirectMethodHandleAccessor.java:103)
	at java.base/java.lang.reflect.Method.invoke(Method.java:580)
	at org.testng.internal.invokers.MethodInvocationHelper.invokeMethod(MethodInvocationHelper.java:141)
	at org.testng.internal.invokers.TestInvoker.invokeMethod(TestInvoker.java:687)
	at org.testng.internal.invokers.TestInvoker.invokeTestMethod(TestInvoker.java:230)
	at org.testng.internal.invokers.MethodRunner.runInSequence(MethodRunner.java:63)
	at org.testng.internal.invokers.TestInvoker$MethodInvocationAgent.invoke(TestInvoker.java:995)
	at org.testng.internal.invokers.TestInvoker.invokeTestMethods(TestInvoker.java:203)
	at org.testng.internal.invokers.TestMethodWorker.invokeTestMethods(TestMethodWorker.java:154)
	at org.testng.internal.invokers.TestMethodWorker.run(TestMethodWorker.java:134)
	at java.base/java.util.ArrayList.forEach(ArrayList.java:1596)
	at org.testng.TestRunner.privateRun(TestRunner.java:741)
	at org.testng.TestRunner.run(TestRunner.java:616)
	at org.testng.SuiteRunner.runTest(SuiteRunner.java:421)
	at org.testng.SuiteRunner.runSequentially(SuiteRunner.java:413)
	at org.testng.SuiteRunner.privateRun(SuiteRunner.java:373)
	at org.testng.SuiteRunner.run(SuiteRunner.java:312)
	at org.testng.SuiteRunnerWorker.runSuite(SuiteRunnerWorker.java:52)
	at org.testng.SuiteRunnerWorker.run(SuiteRunnerWorker.java:95)
	at org.testng.TestNG.runSuitesSequentially(TestNG.java:1274)
	at org.testng.TestNG.runSuitesLocally(TestNG.java:1208)
	at org.testng.TestNG.runSuites(TestNG.java:1112)
	at org.testng.TestNG.run(TestNG.java:1079)
	at org.testng.remote.AbstractRemoteTestNG.run(AbstractRemoteTestNG.java:115)
	at org.testng.remote.RemoteTestNG.initAndRun(RemoteTestNG.java:293)
	at org.testng.remote.RemoteTestNG.main(RemoteTestNG.java:91)
</pre></div></td>
<td>124</td>
<td>com.iween.testcase.TCCP_11@7d7758be</td></tr>
</table><p>
<table width='100%' border='1' class='invocation-passed'>
<tr><td colspan='4' align='center'><b>PASSED TESTS</b></td></tr>
<tr><td><b>Test method</b></td>
<td><b>Attribute(s)</b></td>
<td width="30%"><b>Exception</b></td>
<td width="10%"><b>Time (seconds)</b></td>
<td><b>Instance</b></td>
</tr>
<tr>
<td title='com.iween.testcase.TCCP_11.myTest()'><b>myTest</b><br>Test class: com.iween.testcase.TCCP_11<br>Parameters: {Going To=BRU, AdultsCounts=1, InfantsCount=0, TravelClass=Economy, FlightCardBasedOnIndex=1, Suppiler=biletbank, SKIP=, Depart From=IST, ChildrenCount=0}</td>
<td></td>
<td>290</td>
<td>com.iween.testcase.TCCP_11@7d7758be</td></tr>
<tr>
<td title='com.iween.testcase.TCCP_11.myTest()'><b>myTest</b><br>Test class: com.iween.testcase.TCCP_11<br>Parameters: {Going To=IST, AdultsCounts=1, InfantsCount=0, TravelClass=Economy, FlightCardBasedOnIndex=1, Suppiler=emirates, SKIP=, Depart From=KBL, ChildrenCount=0}</td>
<td></td>
<td>78</td>
<td>com.iween.testcase.TCCP_11@7d7758be</td></tr>
<tr>
<td title='com.iween.testcase.TCCP_11.myTest()'><b>myTest</b><br>Test class: com.iween.testcase.TCCP_11<br>Parameters: {Going To=HKG, AdultsCounts=1, InfantsCount=0, TravelClass=Economy, FlightCardBasedOnIndex=1, Suppiler=emirates, SKIP=, Depart From=DEL, ChildrenCount=0}</td>
<td></td>
<td>125</td>
<td>com.iween.testcase.TCCP_11@7d7758be</td></tr>
<tr>
<td title='com.iween.testcase.TCCP_11.myTest()'><b>myTest</b><br>Test class: com.iween.testcase.TCCP_11<br>Parameters: {Going To=IST, AdultsCounts=1, InfantsCount=0, TravelClass=Economy, FlightCardBasedOnIndex=1, Suppiler=flydubai, SKIP=, Depart From=DXB, ChildrenCount=0}</td>
<td></td>
<td>159</td>
<td>com.iween.testcase.TCCP_11@7d7758be</td></tr>
<tr>
<td title='com.iween.testcase.TCCP_11.myTest()'><b>myTest</b><br>Test class: com.iween.testcase.TCCP_11<br>Parameters: {Going To=KBL, AdultsCounts=1, InfantsCount=0, TravelClass=Economy, FlightCardBasedOnIndex=1, Suppiler=flyariana, SKIP=, Depart From=MZR, ChildrenCount=0}</td>
<td></td>
<td>53</td>
<td>com.iween.testcase.TCCP_11@7d7758be</td></tr>
<tr>
<td title='com.iween.testcase.TCCP_11.myTest()'><b>myTest</b><br>Test class: com.iween.testcase.TCCP_11<br>Parameters: {Going To=HEA, AdultsCounts=1, InfantsCount=0, TravelClass=Economy, FlightCardBasedOnIndex=1, Suppiler=flyariana, SKIP=, Depart From=DXB, ChildrenCount=0}</td>
<td></td>
<td>77</td>
<td>com.iween.testcase.TCCP_11@7d7758be</td></tr>
<tr>
<td title='com.iween.testcase.TCCP_11.myTest()'><b>myTest</b><br>Test class: com.iween.testcase.TCCP_11<br>Parameters: {Going To=MZR, AdultsCounts=1, InfantsCount=0, TravelClass=Economy, FlightCardBasedOnIndex=1, Suppiler=kamair, SKIP=, Depart From=IST, ChildrenCount=0}</td>
<td></td>
<td>109</td>
<td>com.iween.testcase.TCCP_11@7d7758be</td></tr>
<tr>
<td title='com.iween.testcase.TCCP_11.myTest()'><b>myTest</b><br>Test class: com.iween.testcase.TCCP_11<br>Parameters: {Going To=SIN, AdultsCounts=1, InfantsCount=0, TravelClass=Economy, FlightCardBasedOnIndex=1, Suppiler=emirates, SKIP=, Depart From=DXB, ChildrenCount=0}</td>
<td></td>
<td>343</td>
<td>com.iween.testcase.TCCP_11@7d7758be</td></tr>
<tr>
<td title='com.iween.testcase.TCCP_11.myTest()'><b>myTest</b><br>Test class: com.iween.testcase.TCCP_11<br>Parameters: {Going To=DXB, AdultsCounts=1, InfantsCount=0, TravelClass=Economy, FlightCardBasedOnIndex=1, Suppiler=flydubai, SKIP=, Depart From=IST, ChildrenCount=0}</td>
<td></td>
<td>168</td>
<td>com.iween.testcase.TCCP_11@7d7758be</td></tr>
<tr>
<td title='com.iween.testcase.TCCP_11.myTest()'><b>myTest</b><br>Test class: com.iween.testcase.TCCP_11<br>Parameters: {Going To=DAC, AdultsCounts=1, InfantsCount=0, TravelClass=Economy, FlightCardBasedOnIndex=1, Suppiler=airarabia, SKIP=, Depart From=SHJ, ChildrenCount=0}</td>
<td></td>
<td>277</td>
<td>com.iween.testcase.TCCP_11@7d7758be</td></tr>
<tr>
<td title='com.iween.testcase.TCCP_11.myTest()'><b>myTest</b><br>Test class: com.iween.testcase.TCCP_11<br>Parameters: {Going To=IST, AdultsCounts=1, InfantsCount=0, TravelClass=Economy, FlightCardBasedOnIndex=1, Suppiler=airarabia, SKIP=, Depart From=DAC, ChildrenCount=0}</td>
<td></td>
<td>97</td>
<td>com.iween.testcase.TCCP_11@7d7758be</td></tr>
<tr>
<td title='com.iween.testcase.TCCP_11.myTest()'><b>myTest</b><br>Test class: com.iween.testcase.TCCP_11<br>Parameters: {Going To=IST, AdultsCounts=1, InfantsCount=0, TravelClass=Economy, FlightCardBasedOnIndex=1, Suppiler=biletbank, SKIP=, Depart From=DUS, ChildrenCount=0}</td>
<td></td>
<td>223</td>
<td>com.iween.testcase.TCCP_11@7d7758be</td></tr>
<tr>
<td title='com.iween.testcase.TCCP_11.myTest()'><b>myTest</b><br>Test class: com.iween.testcase.TCCP_11<br>Parameters: {Going To=DXB, AdultsCounts=1, InfantsCount=0, TravelClass=Economy, FlightCardBasedOnIndex=1, Suppiler=kamair, SKIP=, Depart From=KBL, ChildrenCount=0}</td>
<td></td>
<td>82</td>
<td>com.iween.testcase.TCCP_11@7d7758be</td></tr>
<tr>
<td title='com.iween.testcase.TCCP_11.myTest()'><b>myTest</b><br>Test class: com.iween.testcase.TCCP_11<br>Parameters: {Going To=FRA, AdultsCounts=1, InfantsCount=0, TravelClass=Economy, FlightCardBasedOnIndex=1, Suppiler=biletbank, SKIP=, Depart From=IST, ChildrenCount=0}</td>
<td></td>
<td>342</td>
<td>com.iween.testcase.TCCP_11@7d7758be</td></tr>
<tr>
<td title='com.iween.testcase.TCCP_11.myTest()'><b>myTest</b><br>Test class: com.iween.testcase.TCCP_11<br>Parameters: {Going To=HEA, AdultsCounts=1, InfantsCount=0, TravelClass=Economy, FlightCardBasedOnIndex=1, Suppiler=flyariana, SKIP=, Depart From=KBL, ChildrenCount=0}</td>
<td></td>
<td>52</td>
<td>com.iween.testcase.TCCP_11@7d7758be</td></tr>
<tr>
<td title='com.iween.testcase.TCCP_11.myTest()'><b>myTest</b><br>Test class: com.iween.testcase.TCCP_11<br>Parameters: {Going To=DXB, AdultsCounts=1, InfantsCount=0, TravelClass=Economy, FlightCardBasedOnIndex=1, Suppiler=flyariana, SKIP=, Depart From=KBL, ChildrenCount=0}</td>
<td></td>
<td>82</td>
<td>com.iween.testcase.TCCP_11@7d7758be</td></tr>
<tr>
<td title='com.iween.testcase.TCCP_11.myTest()'><b>myTest</b><br>Test class: com.iween.testcase.TCCP_11<br>Parameters: {Going To=SHJ, AdultsCounts=1, InfantsCount=0, TravelClass=Economy, FlightCardBasedOnIndex=1, Suppiler=airarabia, SKIP=, Depart From=DEL, ChildrenCount=0}</td>
<td></td>
<td>277</td>
<td>com.iween.testcase.TCCP_11@7d7758be</td></tr>
<tr>
<td title='com.iween.testcase.TCCP_11.myTest()'><b>myTest</b><br>Test class: com.iween.testcase.TCCP_11<br>Parameters: {Going To=SIN, AdultsCounts=1, InfantsCount=0, TravelClass=Economy, FlightCardBasedOnIndex=1, Suppiler=flydubai, SKIP=, Depart From=DXB, ChildrenCount=0}</td>
<td></td>
<td>319</td>
<td>com.iween.testcase.TCCP_11@7d7758be</td></tr>
</table><p>
</body>
</html>